2022-04-28 11:43:29 Sending json value to healthsactionstatus the value is Run
2022-04-28 11:43:29 Sending json value to vpnTime the value is 05:03
2022-04-28 11:43:29 Sending json value to memoryused the value is 751M / 15979M
2022-04-28 11:43:30 Sending json value to kodachivpnbandwidth the value is 0.00147
2022-04-28 11:43:32 Sending json value to healthsactionstatus the value is Stop
2022-04-28 11:43:32 Sending json value to healthsactionstatus the value is Run
2022-04-28 11:43:32 Sending json value to vpnTime the value is 05:06
2022-04-28 11:43:33 Sending json value to kodachivpnbandwidth the value is 0.00149
2022-04-28 11:43:33 Sending json value to healthsactionstatus the value is Stop
2022-04-28 11:43:34 Sending json value to healthsactionstatus the value is Run
2022-04-28 11:43:34 Sending json value to vpnTime the value is 05:08
2022-04-28 11:43:34 Sending json value to memoryused the value is 752M / 15979M
2022-04-28 11:43:35 Sending json value to vpnTime the value is 05:09
2022-04-28 11:43:38 Sending json value to healthsactionstatus the value is Stop
2022-04-28 11:43:38 Sending json value to healthsactionstatus the value is Run
2022-04-28 11:43:38 Sending json value to vpnTime the value is 05:12
2022-04-28 11:43:38 Sending json value to kodachivpnbandwidth the value is 0.00154
2022-04-28 11:43:38 Sending json value to healthsactionstatus the value is Stop
2022-04-28 11:43:41 Sending json value to Kodachi_version the value is 8.21
2022-04-28 11:43:45 Sending json value to healthsactionstatus the value is Run
2022-04-28 11:43:46 Sending json value to vpnTime the value is 05:19
2022-04-28 11:43:46 Sending json value to memoryused the value is 796M / 15979M
2022-04-28 11:43:46 Sending json value to vpnTime the value is 05:20
2022-04-28 11:43:47 Sending json value to kodachivpnbandwidth the value is 0.00158
2022-04-28 11:43:49 Sending json value to healthsactionstatus the value is Stop
2022-04-28 11:43:49 Sending json value to healthsactionstatus the value is Run
2022-04-28 11:43:49 Sending json value to vpnTime the value is 05:23
2022-04-28 11:43:50 Sending json value to kodachivpnbandwidth the value is 0.00160
2022-04-28 11:43:50 Sending json value to healthsactionstatus the value is Stop
2022-04-28 11:44:04 Sending json value to healthsactionstatus the value is Run
2022-04-28 11:44:04 Sending json value to vpnTime the value is 05:38
2022-04-28 11:44:04 Sending json value to memoryused the value is 911M / 15979M
2022-04-28 11:44:05 Sending json value to vpnTime the value is 05:39
2022-04-28 11:44:05 Sending json value to kodachivpnbandwidth the value is 0.00164
2022-04-28 11:44:08 Sending json value to healthsactionstatus the value is Stop
2022-04-28 11:44:08 Sending json value to healthsactionstatus the value is Run
2022-04-28 11:44:08 Sending json value to vpnTime the value is 05:42
2022-04-28 11:44:08 Sending json value to kodachivpnbandwidth the value is 0.00166
2022-04-28 11:44:08 Sending json value to healthsactionstatus the value is Stop
2022-04-28 11:44:12 Sending json value to healthsactionstatus the value is Run
2022-04-28 11:44:13 Sending json value to vpnTime the value is 05:47
2022-04-28 11:44:13 Sending json value to memoryused the value is 958M / 15979M
2022-04-28 11:44:14 Sending json value to kodachivpnbandwidth the value is 0.00167
2022-04-28 11:44:16 Sending json value to healthsactionstatus the value is Stop
2022-04-28 11:44:16 Sending json value to healthsactionstatus the value is Run
2022-04-28 11:44:16 Sending json value to vpnTime the value is 05:50
2022-04-28 11:44:17 Sending json value to kodachivpnbandwidth the value is 0.00170
2022-04-28 11:44:17 Sending json value to healthsactionstatus the value is Stop
2022-04-28 11:44:31 Sending json value to healthsactionstatus the value is Run
2022-04-28 11:44:31 Sending json value to vpnTime the value is 06:05
2022-04-28 11:44:31 Sending json value to memoryused the value is 1089M / 15979M
2022-04-28 11:44:32 Sending json value to vpnTime the value is 06:06
2022-04-28 11:44:32 Sending json value to kodachivpnbandwidth the value is 0.00176
2022-04-28 11:44:34 Sending json value to healthsactionstatus the value is Stop
2022-04-28 11:44:35 Sending json value to healthsactionstatus the value is Run
2022-04-28 11:44:35 Sending json value to vpnTime the value is 06:09
2022-04-28 11:44:35 Sending json value to kodachivpnbandwidth the value is 0.00179
2022-04-28 11:44:35 Sending json value to healthsactionstatus the value is Stop
2022-04-28 11:44:36 Sending json value to healthsactionstatus the value is Run
2022-04-28 11:44:36 Sending json value to vpnTime the value is 06:10
2022-04-28 11:44:37 Sending json value to memoryused the value is 1124M / 15979M
2022-04-28 11:44:37 Sending json value to vpnTime the value is 06:11
2022-04-28 11:44:40 Sending json value to healthsactionstatus the value is Stop
2022-04-28 11:44:40 Sending json value to healthsactionstatus the value is Run
2022-04-28 11:44:40 Sending json value to vpnTime the value is 06:14
2022-04-28 11:44:41 Sending json value to kodachivpnbandwidth the value is 0.00182
2022-04-28 11:44:41 Sending json value to healthsactionstatus the value is Stop
2022-04-28 11:44:45 Sending json value to healthsactionstatus the value is Run
2022-04-28 11:44:45 Sending json value to vpnTime the value is 06:19
2022-04-28 11:44:45 Sending json value to memoryused the value is 1139M / 15979M
2022-04-28 11:44:46 Sending json value to vpnTime the value is 06:20
2022-04-28 11:44:48 Sending json value to kodachivpnbandwidth the value is 0.00185
2022-04-28 11:44:50 Sending json value to healthsactionstatus the value is Stop
2022-04-28 11:44:50 Sending json value to healthsactionstatus the value is Run
2022-04-28 11:44:50 Sending json value to vpnTime the value is 06:24
2022-04-28 11:44:50 Sending json value to kodachivpnbandwidth the value is 0.00188
2022-04-28 11:44:50 Sending json value to healthsactionstatus the value is Stop
2022-04-28 11:45:01 Sending json value to healthsactionstatus the value is Run
2022-04-28 11:45:01 Sending json value to vpnTime the value is 06:35
2022-04-28 11:45:01 Sending json value to memoryused the value is 823M / 15979M
2022-04-28 11:45:02 Sending json value to kodachivpnbandwidth the value is 0.00195
2022-04-28 11:45:04 Sending json value to healthsactionstatus the value is Stop
2022-04-28 11:45:05 Sending json value to healthsactionstatus the value is Run
2022-04-28 11:45:05 Sending json value to vpnTime the value is 06:39
2022-04-28 11:45:05 Sending json value to kodachivpnbandwidth the value is 0.00198
2022-04-28 11:45:05 Sending json value to healthsactionstatus the value is Stop
2022-04-28 11:45:20 Sending json value to healthsactionstatus the value is Run
2022-04-28 11:45:21 Sending json value to vpnTime the value is 06:54
2022-04-28 11:45:21 Sending json value to vpnTime the value is 06:55
2022-04-28 11:45:22 Sending json value to kodachivpnbandwidth the value is 0.00203
2022-04-28 11:45:24 Sending json value to healthsactionstatus the value is Stop
2022-04-28 11:45:24 Sending json value to healthsactionstatus the value is Run
2022-04-28 11:45:24 Sending json value to vpnTime the value is 06:58
2022-04-28 11:45:24 Sending json value to kodachivpnbandwidth the value is 0.00205
2022-04-28 11:45:25 Sending json value to healthsactionstatus the value is Stop
2022-04-28 11:45:32 Sending json value to healthsactionstatus the value is Run
2022-04-28 11:45:32 Sending json value to vpnTime the value is 07:06
2022-04-28 11:45:32 Sending json value to memoryused the value is 831M / 15979M
2022-04-28 11:45:33 Sending json value to kodachivpnbandwidth the value is 0.00209
2022-04-28 11:45:35 Sending json value to healthsactionstatus the value is Stop
2022-04-28 11:45:35 Sending json value to healthsactionstatus the value is Run
2022-04-28 11:45:35 Sending json value to vpnTime the value is 07:09
2022-04-28 11:45:36 Sending json value to kodachivpnbandwidth the value is 0.00213
2022-04-28 11:45:36 Sending json value to healthsactionstatus the value is Stop
2022-04-28 11:45:40 Sending json value to healthsactionstatus the value is Run
2022-04-28 11:45:40 Sending json value to vpnTime the value is 07:14
2022-04-28 11:45:40 Sending json value to memoryused the value is 832M / 15979M
2022-04-28 11:45:41 Sending json value to vpnTime the value is 07:15
2022-04-28 11:45:41 Sending json value to kodachivpnbandwidth the value is 0.00216
2022-04-28 11:45:44 Sending json value to healthsactionstatus the value is Stop
2022-04-28 11:45:44 Sending json value to healthsactionstatus the value is Run
2022-04-28 11:45:44 Sending json value to vpnTime the value is 07:18
2022-04-28 11:45:44 Sending json value to kodachivpnbandwidth the value is 0.00218
2022-04-28 11:45:44 Sending json value to healthsactionstatus the value is Stop
2022-04-28 11:46:00 Sending json value to healthsactionstatus the value is Run
2022-04-28 11:46:00 Sending json value to vpnTime the value is 07:34
2022-04-28 11:46:00 Sending json value to memoryused the value is 785M / 15979M
2022-04-28 11:46:04 Sending json value to kodachivpnbandwidth the value is 0.00226
2022-04-28 11:46:07 Sending json value to healthsactionstatus the value is Stop
2022-04-28 11:46:07 Sending json value to healthsactionstatus the value is Run
2022-04-28 11:46:07 Sending json value to vpnTime the value is 07:41
2022-04-28 11:46:07 Sending json value to kodachivpnbandwidth the value is 0.00231
2022-04-28 11:46:07 Sending json value to healthsactionstatus the value is Stop
2022-04-28 11:46:12 Sending json value to healthsactionstatus the value is Run
2022-04-28 11:46:12 Sending json value to vpnTime the value is 07:46
2022-04-28 11:46:12 Sending json value to memoryused the value is 774M / 15979M
2022-04-28 11:46:13 Sending json value to kodachivpnbandwidth the value is 0.00232
2022-04-28 11:46:15 Sending json value to healthsactionstatus the value is Stop
2022-04-28 11:46:15 Sending json value to healthsactionstatus the value is Run
2022-04-28 11:46:15 Sending json value to vpnTime the value is 07:49
2022-04-28 11:46:16 Sending json value to kodachivpnbandwidth the value is 0.00235
2022-04-28 11:46:16 Sending json value to healthsactionstatus the value is Stop
2022-04-28 11:46:18 Sending json value to healthsactionstatus the value is Run
2022-04-28 11:46:18 Sending json value to vpnTime the value is 07:52
2022-04-28 11:46:18 Sending json value to memoryused the value is 773M / 15979M
2022-04-28 11:46:19 Sending json value to vpnTime the value is 07:53
2022-04-28 11:46:19 Sending json value to kodachivpnbandwidth the value is 0.00236
2022-04-28 11:46:22 Sending json value to healthsactionstatus the value is Stop
2022-04-28 11:46:22 Sending json value to healthsactionstatus the value is Run
2022-04-28 11:46:22 Sending json value to vpnTime the value is 07:56
2022-04-28 11:46:22 Sending json value to kodachivpnbandwidth the value is 0.00238
2022-04-28 11:46:22 Sending json value to healthsactionstatus the value is Stop
2022-04-28 11:46:27 Sending json value to healthsactionstatus the value is Run
2022-04-28 11:46:27 Sending json value to vpnTime the value is 08:01
2022-04-28 11:46:27 Sending json value to memoryused the value is 774M / 15979M
2022-04-28 11:46:28 Sending json value to kodachivpnbandwidth the value is 0.00239
2022-04-28 11:46:30 Sending json value to healthsactionstatus the value is Stop
2022-04-28 11:46:30 Sending json value to healthsactionstatus the value is Run
2022-04-28 11:46:30 Sending json value to vpnTime the value is 08:04
2022-04-28 11:46:31 Sending json value to kodachivpnbandwidth the value is 0.00241
2022-04-28 11:46:31 Sending json value to healthsactionstatus the value is Stop
2022-04-28 11:46:44 Sending json value to healthsactionstatus the value is Run
2022-04-28 11:46:44 Sending json value to vpnTime the value is 08:18
2022-04-28 11:46:44 Sending json value to memoryused the value is 792M / 15979M
2022-04-28 11:46:45 Sending json value to vpnTime the value is 08:19
2022-04-28 11:46:45 Sending json value to kodachivpnbandwidth the value is 0.00248
2022-04-28 11:47:23 Sending json value to OriginalISPIPAddress the value is -
2022-04-28 11:47:23 Sending json value to OriginalISPCountry the value is -
2022-04-28 11:47:23 Sending json value to VPNIP the value is -
2022-04-28 11:47:23 Sending json value to VPNCountry the value is -
2022-04-28 11:47:23 Sending json value to SecurityStatus the value is -
2022-04-28 11:47:23 Sending json value to TORIP the value is -
2022-04-28 11:47:23 Sending json value to TORCountry the value is -
2022-04-28 11:47:23 Sending json value to memoryused the value is -
2022-04-28 11:47:24 Sending json value to openfiles the value is -
2022-04-28 11:47:24 Sending json value to boottype the value is -
2022-04-28 11:47:24 Sending json value to banstatus the value is -
2022-04-28 11:47:24 Sending json value to livemode the value is -
2022-04-28 11:47:24 Sending json value to kodachihwid the value is -
2022-04-28 11:47:24 Sending json value to printcapsstatus the value is -
2022-04-28 11:47:24 Sending json value to torblock the value is -
2022-04-28 11:47:24 Sending json value to osnukestatus the value is -
2022-04-28 11:47:24 Sending json value to hddencryptstatus the value is -
2022-04-28 11:47:25 Sending json value to swapcryptstatus the value is -
2022-04-28 11:47:25 Sending json value to totalswap the value is -
2022-04-28 11:47:25 Sending json value to securityscore the value is -
2022-04-28 11:47:25 Sending json value to securitymodel the value is -
2022-04-28 11:47:25 Sending json value to firewallstatus the value is -
2022-04-28 11:47:25 Sending json value to kodachivpnbandwidth the value is -
2022-04-28 11:47:25 Sending json value to VPNport the value is -
2022-04-28 11:47:25 Sending json value to VPNprotocol the value is -
2022-04-28 11:47:26 Sending json value to VPNprofile the value is -
2022-04-28 11:47:26 Sending json value to healthsactionstatus the value is Stop
2022-04-28 11:47:48 Sending json value to OriginalISPIPAddress the value is 141.105.173.249
2022-04-28 11:47:48 Sending json value to OriginalISPCountry the value is Oman
2022-04-28 11:47:48 Sending json value to SecurityStatus the value is notsecure
2022-04-28 11:47:48 Sending json value to healthsactionstatus the value is Run
2022-04-28 11:47:48 Sending json value to KodachiISOVersionAlert the value is !:!
2022-04-28 11:47:49 Sending json value to memoryused the value is 672M / 15979M
2022-04-28 11:47:49 Sending json value to kodachihwid the value is 4220b70198cb706adff883369b77f695
2022-04-28 11:47:49 Sending json value to printcapsstatus the value is No
2022-04-28 11:47:49 Sending json value to hddencryptstatus the value is No
2022-04-28 11:47:49 Sending json value to firewallstatus the value is No
2022-04-28 11:47:49 Sending json value to swapcryptstatus the value is No
2022-04-28 11:47:49 Sending json value to totalswap the value is 0
2022-04-28 11:47:50 Sending json value to torblock the value is 0 countries
2022-04-28 11:47:50 Sending json value to osnukestatus the value is No
2022-04-28 11:47:50 Sending json value to netintused the value is ens33
2022-04-28 11:47:50 Sending json value to openfiles the value is 36386
2022-04-28 11:47:51 Sending json value to boottype the value is Legacy
2022-04-28 11:47:51 Sending json value to livemode the value is No
2022-04-28 11:47:51 Sending json value to securitymodel the value is ISP->DNScrypt
2022-04-28 11:47:51 Sending json value to securityscore the value is 25
2022-04-28 11:47:53 Sending json value to banstatus the value is Active
2022-04-28 11:47:54 Sending json value to vpnTime the value is -
2022-04-28 11:47:54 Sending json value to SecurityStatus the value is -
2022-04-28 11:47:55 Sending json value to VPNport the value is 443
2022-04-28 11:47:55 Sending json value to VPNprotocol the value is udp
2022-04-28 11:47:55 Sending json value to VPNprofile the value is kodachi-vpn.ovpn
2022-04-28 11:47:55 Sending json value to VPNprofileip the value is 62.197.136.126
2022-04-28 11:48:21 Sending json value to VPNIP the value is 62.197.136.126
2022-04-28 11:48:21 Sending json value to SecurityStatus the value is secure
2022-04-28 11:48:21 Sending json value to VPNCountry the value is Netherlands
2022-04-28 11:48:22 Sending json value to vpnTime the value is 00:27
2022-04-28 11:48:28 Sending json value to spheretor the value is 0
2022-04-28 11:48:31 Sending json value to spheretor the value is 1
2022-04-28 11:48:31 Sending json value to kodachivpnbandwidth the value is 0.00034
2022-04-28 11:48:34 Sending json value to TORIP the value is 172.107.201.134
2022-04-28 11:48:34 Sending json value to TORCountry the value is Japan
2022-04-28 11:48:34 Sending json value to healthsactionstatus the value is Stop
2022-04-28 11:48:34 Sending json value to healthsactionstatus the value is Run
2022-04-28 11:48:34 Sending json value to vpnTime the value is 00:40
2022-04-28 11:48:35 Sending json value to kodachivpnbandwidth the value is 0.00040
2022-04-28 11:48:35 Sending json value to healthsactionstatus the value is Stop
2022-04-28 11:48:42 Sending json value to healthsactionstatus the value is Run
2022-04-28 11:48:42 Sending json value to vpnTime the value is 00:48
2022-04-28 11:48:42 Sending json value to memoryused the value is 709M / 15979M
2022-04-28 11:48:43 Sending json value to netintused the value is tun0
2022-04-28 11:48:43 Sending json value to securitymodel the value is ISP->VPN->Tor->DNScrypt
2022-04-28 11:48:43 Sending json value to securityscore the value is 55
2022-04-28 11:48:43 Sending json value to kodachivpnbandwidth the value is 0.00050
2022-04-28 11:48:47 Sending json value to healthsactionstatus the value is Stop
2022-04-28 11:48:47 Sending json value to healthsactionstatus the value is Run
2022-04-28 11:48:47 Sending json value to vpnTime the value is 00:53
2022-04-28 11:48:47 Sending json value to kodachivpnbandwidth the value is 0.00055
2022-04-28 11:48:48 Sending json value to healthsactionstatus the value is Stop
2022-04-28 11:48:54 Sending json value to healthsactionstatus the value is Run
2022-04-28 11:48:54 Sending json value to vpnTime the value is 01:00
2022-04-28 11:48:54 Sending json value to memoryused the value is 713M / 15979M
2022-04-28 11:48:55 Sending json value to vpnTime the value is 01:01
2022-04-28 11:48:55 Sending json value to kodachivpnbandwidth the value is 0.00064
2022-04-28 11:48:59 Sending json value to healthsactionstatus the value is Stop
2022-04-28 11:48:59 Sending json value to healthsactionstatus the value is Run
2022-04-28 11:48:59 Sending json value to vpnTime the value is 01:05
2022-04-28 11:48:59 Sending json value to kodachivpnbandwidth the value is 0.00073
2022-04-28 11:49:00 Sending json value to healthsactionstatus the value is Stop
2022-04-28 11:49:07 Sending json value to healthsactionstatus the value is Run
2022-04-28 11:49:07 Sending json value to vpnTime the value is 01:13
2022-04-28 11:49:08 Sending json value to kodachivpnbandwidth the value is 0.00081
2022-04-28 11:49:11 Sending json value to healthsactionstatus the value is Stop
2022-04-28 11:49:12 Sending json value to healthsactionstatus the value is Run
2022-04-28 11:49:12 Sending json value to vpnTime the value is 01:17
2022-04-28 11:49:12 Sending json value to kodachivpnbandwidth the value is 0.00083
2022-04-28 11:49:12 Sending json value to healthsactionstatus the value is Stop
2022-04-28 11:49:16 Sending json value to healthsactionstatus the value is Run
2022-04-28 11:49:16 Sending json value to vpnTime the value is 01:22
2022-04-28 11:49:17 Sending json value to memoryused the value is 714M / 15979M
2022-04-28 11:49:17 Sending json value to vpnTime the value is 01:23
2022-04-28 11:49:21 Sending json value to healthsactionstatus the value is Stop
2022-04-28 11:49:22 Sending json value to healthsactionstatus the value is Run
2022-04-28 11:49:22 Sending json value to vpnTime the value is 01:27
2022-04-28 11:49:22 Sending json value to kodachivpnbandwidth the value is 0.00085
2022-04-28 11:49:22 Sending json value to healthsactionstatus the value is Stop
2022-04-28 11:49:31 Sending json value to healthsactionstatus the value is Run
2022-04-28 11:49:31 Sending json value to vpnTime the value is 01:37
2022-04-28 11:49:32 Sending json value to memoryused the value is 717M / 15979M
2022-04-28 11:49:32 Sending json value to vpnTime the value is 01:38
2022-04-28 11:49:33 Sending json value to kodachivpnbandwidth the value is 0.00086
2022-04-28 11:49:38 Sending json value to healthsactionstatus the value is Stop
2022-04-28 11:49:38 Sending json value to healthsactionstatus the value is Run
2022-04-28 11:49:38 Sending json value to vpnTime the value is 01:44
2022-04-28 11:49:39 Sending json value to kodachivpnbandwidth the value is 0.00088
2022-04-28 11:49:39 Sending json value to healthsactionstatus the value is Stop
2022-04-28 11:49:51 Sending json value to healthsactionstatus the value is Run
2022-04-28 11:49:51 Sending json value to vpnTime the value is 01:57
2022-04-28 11:49:51 Sending json value to memoryused the value is 712M / 15979M
2022-04-28 11:49:55 Sending json value to healthsactionstatus the value is Stop
2022-04-28 11:49:55 Sending json value to healthsactionstatus the value is Run
2022-04-28 11:49:56 Sending json value to vpnTime the value is 02:01
2022-04-28 11:49:56 Sending json value to kodachivpnbandwidth the value is 0.00091
2022-04-28 11:49:56 Sending json value to healthsactionstatus the value is Stop
2022-04-28 11:49:59 Sending json value to healthsactionstatus the value is Run
2022-04-28 11:49:59 Sending json value to vpnTime the value is 02:05
2022-04-28 11:49:59 Sending json value to memoryused the value is 380M / 15979M
2022-04-28 11:50:00 Sending json value to vpnTime the value is 02:06
2022-04-28 11:50:04 Sending json value to healthsactionstatus the value is Stop
2022-04-28 11:50:05 Sending json value to healthsactionstatus the value is Run
2022-04-28 11:50:05 Sending json value to vpnTime the value is 02:10
2022-04-28 11:50:05 Sending json value to kodachivpnbandwidth the value is 0.00093
2022-04-28 11:50:05 Sending json value to healthsactionstatus the value is Stop
2022-04-28 11:50:07 Sending json value to healthsactionstatus the value is Run
2022-04-28 11:50:07 Sending json value to vpnTime the value is 02:13
2022-04-28 11:50:08 Sending json value to memoryused the value is 413M / 15979M
2022-04-28 11:50:08 Sending json value to vpnTime the value is 02:14
2022-05-08 15:33:08 Sending json value to OriginalISPIPAddress the value is -
2022-05-08 15:33:09 Sending json value to OriginalISPCountry the value is -
2022-05-08 15:33:10 Sending json value to VPNIP the value is -
2022-05-08 15:33:11 Sending json value to VPNCountry the value is -
2022-05-08 15:33:12 Sending json value to SecurityStatus the value is -
2022-05-08 15:33:12 Sending json value to TORIP the value is -
2022-05-08 15:33:14 Sending json value to TORCountry the value is -
2022-05-08 15:33:15 Sending json value to memoryused the value is -
2022-05-08 15:33:16 Sending json value to openfiles the value is -
2022-05-08 15:33:17 Sending json value to boottype the value is -
2022-05-08 15:33:17 Sending json value to banstatus the value is -
2022-05-08 15:33:18 Sending json value to livemode the value is -
2022-05-08 15:33:18 Sending json value to kodachihwid the value is -
2022-05-08 15:33:18 Sending json value to printcapsstatus the value is -
2022-05-08 15:33:19 Sending json value to torblock the value is -
2022-05-08 15:33:19 Sending json value to osnukestatus the value is -
2022-05-08 15:33:19 Sending json value to hddencryptstatus the value is -
2022-05-08 15:33:19 Sending json value to swapcryptstatus the value is -
2022-05-08 15:33:20 Sending json value to totalswap the value is -
2022-05-08 15:33:20 Sending json value to securityscore the value is -
2022-05-08 15:33:21 Sending json value to securitymodel the value is -
2022-05-08 15:33:21 Sending json value to InternetStatusbydomainonly the value is Offline
2022-05-08 15:33:21 SOS Sending json value to systemhealthactionpicker the value is 1
2022-05-08 15:33:21 Sending json value to firewallstatus the value is -
2022-05-08 15:33:21 Sending json value to kodachivpnbandwidth the value is -
2022-05-08 15:33:21 Sending json value to InternetStatus the value is Offline
2022-05-08 15:33:21 SOS Sending json value to systemhealthactionpicker the value is 1
2022-05-08 15:33:21 Sending json value to VPNport the value is -
2022-05-08 15:33:22 Sending json value to VPNprotocol the value is -
2022-05-08 15:33:22 Sending json value to VPNprofile the value is -
2022-05-08 15:33:22 Sending json value to systemhealthactionpicker the value is 0
2022-05-08 15:33:22 Sending json value to healthsactionstatus the value is Stop
2022-05-08 15:33:27 Sending json value to InternetStatus the value is Online
2022-05-08 15:33:27 SOS Sending json value to systemhealthactionpicker the value is 1
2022-05-08 15:33:27 Sending json value to InternetStatusbydomainonly the value is Online
2022-05-08 15:33:27 SOS Sending json value to systemhealthactionpicker the value is 1
2022-05-08 15:33:45 Sending json value to OriginalISPIPAddress the value is 65.108.156.124
2022-05-08 15:33:46 Sending json value to OriginalISPCountry the value is United States
2022-05-08 15:33:46 Sending json value to SecurityStatus the value is notsecure
2022-05-08 15:33:47 Sending json value to healthsactionstatus the value is Run
2022-05-08 15:33:47 Sending json value to memoryused the value is 750M / 7927M
2022-05-08 15:33:48 Sending json value to kodachihwid the value is 8ede5e627aae33cd919124bcd832d4cf
2022-05-08 15:33:49 Sending json value to printcapsstatus the value is No
2022-05-08 15:33:49 Sending json value to hddencryptstatus the value is No
2022-05-08 15:33:50 Sending json value to firewallstatus the value is No
2022-05-08 15:33:50 Sending json value to swapcryptstatus the value is No
2022-05-08 15:33:50 Sending json value to totalswap the value is 0
2022-05-08 15:33:50 Sending json value to torblock the value is 0 countries
2022-05-08 15:33:51 Sending json value to osnukestatus the value is No
2022-05-08 15:33:51 Sending json value to netintused the value is ens33
2022-05-08 15:33:52 Sending json value to openfiles the value is 25744
2022-05-08 15:33:52 Sending json value to boottype the value is Legacy
2022-05-08 15:33:52 Sending json value to livemode the value is Yes
2022-05-08 15:33:52 Sending json value to securitymodel the value is ISP->DNScrypt
2022-05-08 15:33:53 Sending json value to securityscore the value is 35
2022-05-08 15:33:55 Sending json value to banstatus the value is Active
2022-05-08 15:33:57 Sending json value to vpnTime the value is -
2022-05-08 15:33:57 Sending json value to SecurityStatus the value is -
2022-05-08 15:33:58 Sending json value to VPNport the value is 443
2022-05-08 15:33:58 Sending json value to VPNprotocol the value is udp
2022-05-08 15:33:58 Sending json value to VPNprofile the value is kodachi-vpn.ovpn
2022-05-08 15:33:58 Sending json value to VPNprofileip the value is 85.202.169.37
2022-05-08 11:34:25 Sending json value to VPNIP the value is 85.202.169.37
2022-05-08 11:34:25 Sending json value to SecurityStatus the value is secure
2022-05-08 11:34:25 Sending json value to VPNCountry the value is Netherlands
2022-05-08 11:34:25 Sending json value to vpnTime the value is 00:27
2022-05-08 11:34:32 Sending json value to spheretor the value is 0
2022-05-08 11:34:41 Sending json value to spheretor the value is 1
2022-05-08 11:34:44 Sending json value to TORIP the value is 119.161.100.138
2022-05-08 11:34:45 Sending json value to TORCountry the value is Singapore
2022-05-08 11:34:45 Sending json value to kodachivpnbandwidth the value is 0.00271
2022-05-08 11:34:48 Sending json value to systemhealthactionpicker the value is 0
2022-05-08 11:34:48 Sending json value to healthsactionstatus the value is Stop
2022-05-08 11:34:48 Sending json value to healthsactionstatus the value is Run
2022-05-08 11:34:49 Sending json value to vpnTime the value is 00:51
2022-05-08 11:34:49 Sending json value to kodachivpnbandwidth the value is 0.00276
2022-05-08 11:34:49 Sending json value to healthsactionstatus the value is Stop
2022-05-08 11:34:51 Sending json value to healthsactionstatus the value is Run
2022-05-08 11:34:51 Sending json value to vpnTime the value is 00:53
2022-05-08 11:34:52 Sending json value to memoryused the value is 818M / 7927M
2022-05-08 11:34:52 Sending json value to netintused the value is tun0
2022-05-08 11:34:52 Sending json value to vpnTime the value is 00:54
2022-05-08 11:34:52 Sending json value to securitymodel the value is ISP->VPN->Tor->DNScrypt
2022-05-08 11:34:53 Sending json value to securityscore the value is 65
2022-05-08 11:34:53 Sending json value to kodachivpnbandwidth the value is 0.00278
2022-05-08 11:34:56 Sending json value to healthsactionstatus the value is Stop
2022-05-08 11:34:56 Sending json value to healthsactionstatus the value is Run
2022-05-08 11:34:56 Sending json value to vpnTime the value is 00:59
2022-05-08 11:34:57 Sending json value to kodachivpnbandwidth the value is 0.00285
2022-05-08 11:34:57 Sending json value to healthsactionstatus the value is Stop
2022-05-08 11:35:08 Sending json value to healthsactionstatus the value is Run
2022-05-08 11:35:08 Sending json value to vpnTime the value is 01:10
2022-05-08 11:35:08 Sending json value to memoryused the value is 811M / 7927M
2022-05-08 11:35:09 Sending json value to vpnTime the value is 01:11
2022-05-08 11:35:13 Sending json value to healthsactionstatus the value is Stop
2022-05-08 11:35:13 Sending json value to healthsactionstatus the value is Run
2022-05-08 11:35:13 Sending json value to vpnTime the value is 01:15
2022-05-08 11:35:14 Sending json value to kodachivpnbandwidth the value is 0.00287
2022-05-08 11:35:14 Sending json value to healthsactionstatus the value is Stop
2022-05-08 11:35:16 Sending json value to healthsactionstatus the value is Run
2022-05-08 11:35:16 Sending json value to vpnTime the value is 01:18
2022-05-08 11:35:17 Sending json value to vpnTime the value is 01:19
2022-05-08 11:35:20 Sending json value to healthsactionstatus the value is Stop
2022-05-08 11:35:20 Sending json value to healthsactionstatus the value is Run
2022-05-08 11:35:21 Sending json value to vpnTime the value is 01:23
2022-05-08 11:35:21 Sending json value to kodachivpnbandwidth the value is 0.00289
2022-05-08 11:35:21 Sending json value to healthsactionstatus the value is Stop
2022-05-08 11:35:32 Sending json value to healthsactionstatus the value is Run
2022-05-08 11:35:32 Sending json value to vpnTime the value is 01:34
2022-05-08 11:35:33 Sending json value to vpnTime the value is 01:35
2022-05-08 11:35:33 Sending json value to kodachivpnbandwidth the value is 0.00290
2022-05-08 11:35:37 Sending json value to healthsactionstatus the value is Stop
2022-05-08 11:35:37 Sending json value to healthsactionstatus the value is Run
2022-05-08 11:35:37 Sending json value to vpnTime the value is 01:39
2022-05-08 11:35:37 Sending json value to kodachivpnbandwidth the value is 0.00292
2022-05-08 11:35:37 Sending json value to healthsactionstatus the value is Stop
2022-05-08 11:35:45 Sending json value to healthsactionstatus the value is Run
2022-05-08 11:35:45 Sending json value to vpnTime the value is 01:47
2022-05-08 11:35:45 Sending json value to memoryused the value is 812M / 7927M
2022-05-08 11:35:45 Sending json value to vpnTime the value is 01:48
2022-05-08 11:35:49 Sending json value to healthsactionstatus the value is Stop
2022-05-08 11:35:49 Sending json value to healthsactionstatus the value is Run
2022-05-08 11:35:49 Sending json value to vpnTime the value is 01:52
2022-05-08 11:35:50 Sending json value to kodachivpnbandwidth the value is 0.00294
2022-05-08 11:35:50 Sending json value to healthsactionstatus the value is Stop
2022-05-08 11:36:02 Sending json value to healthsactionstatus the value is Run
2022-05-08 11:36:02 Sending json value to vpnTime the value is 02:04
2022-05-08 11:36:02 Sending json value to memoryused the value is 811M / 7927M
2022-05-08 11:36:03 Sending json value to vpnTime the value is 02:05
2022-05-08 11:36:03 Sending json value to kodachivpnbandwidth the value is 0.00295
2022-05-08 11:36:07 Sending json value to healthsactionstatus the value is Stop
2022-05-08 11:36:07 Sending json value to healthsactionstatus the value is Run
2022-05-08 11:36:07 Sending json value to vpnTime the value is 02:09
2022-05-08 11:36:07 Sending json value to kodachivpnbandwidth the value is 0.00297
2022-05-08 11:36:07 Sending json value to healthsactionstatus the value is Stop
2022-05-08 11:36:21 Sending json value to healthsactionstatus the value is Run
2022-05-08 11:36:21 Sending json value to vpnTime the value is 02:23
2022-05-08 11:36:21 Sending json value to memoryused the value is 812M / 7927M
2022-05-08 11:36:22 Sending json value to vpnTime the value is 02:24
2022-05-08 11:36:25 Sending json value to healthsactionstatus the value is Stop
2022-05-08 11:36:25 Sending json value to healthsactionstatus the value is Run
2022-05-08 11:36:26 Sending json value to vpnTime the value is 02:28
2022-05-08 11:36:26 Sending json value to kodachivpnbandwidth the value is 0.00299
2022-05-08 11:36:26 Sending json value to healthsactionstatus the value is Stop
2022-05-08 11:36:28 Sending json value to healthsactionstatus the value is Run
2022-05-08 11:36:28 Sending json value to vpnTime the value is 02:30
2022-05-08 11:36:29 Sending json value to vpnTime the value is 02:31
2022-05-08 11:36:32 Sending json value to healthsactionstatus the value is Stop
2022-05-08 11:36:33 Sending json value to healthsactionstatus the value is Run
2022-05-08 11:36:33 Sending json value to vpnTime the value is 02:35
2022-05-08 11:36:33 Sending json value to kodachivpnbandwidth the value is 0.00301
2022-05-08 11:36:33 Sending json value to healthsactionstatus the value is Stop
2022-05-08 11:36:47 Sending json value to healthsactionstatus the value is Run
2022-05-08 11:36:47 Sending json value to vpnTime the value is 02:50
2022-05-08 11:36:53 Sending json value to healthsactionstatus the value is Stop
2022-05-08 11:36:53 Sending json value to healthsactionstatus the value is Run
2022-05-08 11:36:53 Sending json value to vpnTime the value is 02:55
2022-05-08 11:36:53 Sending json value to kodachivpnbandwidth the value is 0.00303
2022-05-08 11:36:53 Sending json value to healthsactionstatus the value is Stop
2022-05-08 11:36:57 Sending json value to healthsactionstatus the value is Run
2022-05-08 11:36:57 Sending json value to vpnTime the value is 02:59
2022-05-08 11:36:58 Sending json value to kodachivpnbandwidth the value is 0.00304
2022-05-08 11:37:01 Sending json value to healthsactionstatus the value is Stop
2022-05-08 11:37:01 Sending json value to healthsactionstatus the value is Run
2022-05-08 11:37:01 Sending json value to vpnTime the value is 03:03
2022-05-08 11:37:02 Sending json value to kodachivpnbandwidth the value is 0.00306
2022-05-08 11:37:02 Sending json value to healthsactionstatus the value is Stop
2022-05-08 11:37:11 Sending json value to healthsactionstatus the value is Run
2022-05-08 11:37:11 Sending json value to vpnTime the value is 03:13
2022-05-08 11:37:12 Sending json value to vpnTime the value is 03:14
2022-05-08 11:37:15 Sending json value to healthsactionstatus the value is Stop
2022-05-08 11:37:15 Sending json value to healthsactionstatus the value is Run
2022-05-08 11:37:16 Sending json value to vpnTime the value is 03:18
2022-05-08 11:37:16 Sending json value to kodachivpnbandwidth the value is 0.00308
2022-05-08 11:37:16 Sending json value to healthsactionstatus the value is Stop
2022-05-08 11:37:19 Sending json value to healthsactionstatus the value is Run
2022-05-08 11:37:19 Sending json value to vpnTime the value is 03:21
2022-05-08 11:37:19 Sending json value to memoryused the value is 816M / 7927M
2022-05-08 11:37:20 Sending json value to vpnTime the value is 03:22
2022-05-08 11:37:23 Sending json value to healthsactionstatus the value is Stop
2022-05-08 11:37:23 Sending json value to healthsactionstatus the value is Run
2022-05-08 11:37:24 Sending json value to vpnTime the value is 03:26
2022-05-08 11:37:25 Sending json value to kodachivpnbandwidth the value is 0.00312
2022-05-08 11:37:25 Sending json value to healthsactionstatus the value is Stop
2022-05-08 11:37:32 Sending json value to healthsactionstatus the value is Run
2022-05-08 11:37:33 Sending json value to vpnTime the value is 03:35
2022-05-08 11:37:33 Sending json value to memoryused the value is 811M / 7927M
2022-05-08 11:37:37 Sending json value to healthsactionstatus the value is Stop
2022-05-08 11:37:37 Sending json value to healthsactionstatus the value is Run
2022-05-08 11:37:37 Sending json value to vpnTime the value is 03:39
2022-05-08 11:37:37 Sending json value to kodachivpnbandwidth the value is 0.00314
2022-05-08 11:37:37 Sending json value to healthsactionstatus the value is Stop
2022-05-08 11:37:52 Sending json value to healthsactionstatus the value is Run
2022-05-08 11:37:52 Sending json value to vpnTime the value is 03:54
2022-05-08 11:37:52 Sending json value to memoryused the value is 812M / 7927M
2022-05-08 11:37:56 Sending json value to healthsactionstatus the value is Stop
2022-05-08 11:37:56 Sending json value to healthsactionstatus the value is Run
2022-05-08 11:37:56 Sending json value to vpnTime the value is 03:58
2022-05-08 11:37:57 Sending json value to kodachivpnbandwidth the value is 0.00317
2022-05-08 11:37:57 Sending json value to healthsactionstatus the value is Stop
2022-05-08 11:37:59 Sending json value to healthsactionstatus the value is Run
2022-05-08 11:37:59 Sending json value to vpnTime the value is 04:01
2022-05-08 11:37:59 Sending json value to memoryused the value is 835M / 7927M
2022-05-08 11:38:00 Sending json value to vpnTime the value is 04:02
