2023-02-22 13:33:38 Sending json value to TORIP the value is 27.255.75.198
2023-02-22 13:33:38 Sending json value to TORCountry the value is Korea
2023-02-22 13:33:39 Sending json value to healthsactionstatus the value is Stop
2023-02-22 13:33:39 Sending json value to healthsactionstatus the value is Run
2023-02-22 13:33:39 Sending json value to vpnTime the value is 04:48
2023-02-22 13:33:39 Sending json value to kodachivpnbandwidth the value is 0.00126
2023-02-22 13:33:39 Sending json value to healthsactionstatus the value is Stop
2023-02-22 13:33:48 Sending json value to healthsactionstatus the value is Run
2023-02-22 13:33:49 Sending json value to vpnTime the value is 04:57
2023-02-22 13:33:49 Sending json value to memoryused the value is 915M / 15961M
2023-02-22 13:33:49 Sending json value to kodachihwid the value is 3e2104760514b9a4c7dada2e3709f5ca
2023-02-22 13:33:50 Sending json value to vpnTime the value is 04:58
2023-02-22 13:33:50 Sending json value to kodachivpnbandwidth the value is 0.00131
2023-02-22 13:33:54 Sending json value to healthsactionstatus the value is Stop
2023-02-22 13:33:54 Sending json value to healthsactionstatus the value is Run
2023-02-22 13:33:54 Sending json value to vpnTime the value is 05:03
2023-02-22 13:33:55 Sending json value to kodachivpnbandwidth the value is 0.00135
2023-02-22 13:33:55 Sending json value to healthsactionstatus the value is Stop
2023-02-22 13:34:01 Sending json value to healthsactionstatus the value is Run
2023-02-22 13:34:01 Sending json value to vpnTime the value is 05:10
2023-02-22 13:34:01 Sending json value to memoryused the value is 914M / 15961M
2023-02-22 13:34:01 Sending json value to kodachihwid the value is 0c149ad74af4039e24b52fa6f68e739e
2023-02-22 13:34:02 Sending json value to vpnTime the value is 05:11
2023-02-22 13:34:03 Sending json value to kodachivpnbandwidth the value is 0.00138
2023-02-22 13:34:10 Sending json value to healthsactionstatus the value is Stop
2023-02-22 13:34:11 Sending json value to healthsactionstatus the value is Run
2023-02-22 13:34:11 Sending json value to vpnTime the value is 05:20
2023-02-22 13:34:11 Sending json value to kodachivpnbandwidth the value is 0.00144
2023-02-22 13:34:11 Sending json value to healthsactionstatus the value is Stop
2023-02-22 13:34:16 Sending json value to healthsactionstatus the value is Run
2023-02-22 13:34:17 Sending json value to vpnTime the value is 05:25
2023-02-22 13:34:17 Sending json value to memoryused the value is 953M / 15961M
2023-02-22 13:34:17 Sending json value to kodachihwid the value is ba39aa73f8e2146cb566ab9086e8762b
2023-02-22 13:34:18 Sending json value to vpnTime the value is 05:26
2023-02-22 13:34:18 Sending json value to kodachivpnbandwidth the value is 0.00148
2023-02-22 13:34:22 Sending json value to healthsactionstatus the value is Stop
2023-02-22 13:34:22 Sending json value to healthsactionstatus the value is Run
2023-02-22 13:34:22 Sending json value to vpnTime the value is 05:31
2023-02-22 13:34:23 Sending json value to kodachivpnbandwidth the value is 0.00156
2023-02-22 13:34:23 Sending json value to healthsactionstatus the value is Stop
2023-02-22 13:34:37 Sending json value to healthsactionstatus the value is Run
2023-02-22 13:34:37 Sending json value to vpnTime the value is 05:46
2023-02-22 13:34:37 Sending json value to memoryused the value is 1020M / 15961M
2023-02-22 13:34:37 Sending json value to kodachihwid the value is ecc1288e26296a599c29cb715eb1da40
2023-02-22 13:34:38 Sending json value to vpnTime the value is 05:47
2023-02-22 13:34:39 Sending json value to kodachivpnbandwidth the value is 0.00162
2023-02-22 13:34:43 Sending json value to healthsactionstatus the value is Stop
2023-02-22 13:34:43 Sending json value to healthsactionstatus the value is Run
2023-02-22 13:34:43 Sending json value to vpnTime the value is 05:52
2023-02-22 13:34:43 Sending json value to kodachivpnbandwidth the value is 0.00165
2023-02-22 13:34:43 Sending json value to healthsactionstatus the value is Stop
2023-02-22 13:34:55 Sending json value to healthsactionstatus the value is Run
2023-02-22 13:34:56 Sending json value to vpnTime the value is 06:05
2023-02-22 13:34:56 Sending json value to memoryused the value is 1148M / 15961M
2023-02-22 13:34:56 Sending json value to kodachihwid the value is 02313a53812c937eae20ee61a0186962
2023-02-22 13:34:57 Sending json value to kodachivpnbandwidth the value is 0.00176
2023-02-22 13:35:01 Sending json value to healthsactionstatus the value is Stop
2023-02-22 13:35:01 Sending json value to healthsactionstatus the value is Run
2023-02-22 13:35:01 Sending json value to vpnTime the value is 06:10
2023-02-22 13:35:02 Sending json value to kodachivpnbandwidth the value is 0.00182
2023-02-22 13:35:02 Sending json value to healthsactionstatus the value is Stop
2023-02-22 13:35:08 Sending json value to healthsactionstatus the value is Run
2023-02-22 13:35:08 Sending json value to vpnTime the value is 06:17
2023-02-22 13:35:08 Sending json value to memoryused the value is 1242M / 15961M
2023-02-22 13:35:08 Sending json value to kodachihwid the value is 3e0a61f3789efad8d92b73c188586d32
2023-02-22 13:35:09 Sending json value to vpnTime the value is 06:18
2023-02-22 13:35:15 Sending json value to healthsactionstatus the value is Stop
2023-02-22 13:35:16 Sending json value to healthsactionstatus the value is Run
2023-02-22 13:35:16 Sending json value to vpnTime the value is 06:25
2023-02-22 13:35:16 Sending json value to kodachivpnbandwidth the value is 0.00190
2023-02-22 13:35:16 Sending json value to healthsactionstatus the value is Stop
2023-02-22 13:35:17 Sending json value to healthsactionstatus the value is Run
2023-02-22 13:35:17 Sending json value to vpnTime the value is 06:26
2023-02-22 13:35:18 Sending json value to kodachihwid the value is f1ac58a8e529ca03fb62f56c94053619
2023-02-22 13:35:18 Sending json value to vpnTime the value is 06:27
2023-02-22 13:35:23 Sending json value to healthsactionstatus the value is Stop
2023-02-22 13:35:24 Sending json value to healthsactionstatus the value is Run
2023-02-22 13:35:24 Sending json value to vpnTime the value is 06:33
2023-02-22 13:35:24 Sending json value to kodachivpnbandwidth the value is 0.00192
2023-02-22 13:35:24 Sending json value to healthsactionstatus the value is Stop
2023-02-22 13:35:29 Sending json value to healthsactionstatus the value is Run
2023-02-22 13:35:30 Sending json value to vpnTime the value is 06:38
2023-02-22 13:35:30 Sending json value to memoryused the value is 947M / 15961M
2023-02-22 13:35:30 Sending json value to kodachihwid the value is dc34dc69f578db57dd0ee9673b6bcb92
2023-02-22 13:35:30 Sending json value to vpnTime the value is 06:39
2023-02-22 13:35:31 Sending json value to kodachivpnbandwidth the value is 0.00194
2023-02-22 13:35:36 Sending json value to healthsactionstatus the value is Stop
2023-02-22 13:35:36 Sending json value to healthsactionstatus the value is Run
2023-02-22 13:35:37 Sending json value to vpnTime the value is 06:45
2023-02-22 13:35:37 Sending json value to kodachivpnbandwidth the value is 0.00196
2023-02-22 13:35:37 Sending json value to healthsactionstatus the value is Stop
2023-02-22 13:35:41 Sending json value to healthsactionstatus the value is Run
2023-02-22 13:35:41 Sending json value to vpnTime the value is 06:50
2023-02-22 13:35:42 Sending json value to memoryused the value is 958M / 15961M
2023-02-22 13:35:42 Sending json value to kodachihwid the value is 6bcb531bf395861948dc1fd1ef0a8cf1
2023-02-22 13:35:42 Sending json value to vpnTime the value is 06:51
2023-02-22 13:35:44 Sending json value to kodachivpnbandwidth the value is 0.00197
2023-02-22 13:35:48 Sending json value to healthsactionstatus the value is Stop
2023-02-22 13:35:49 Sending json value to healthsactionstatus the value is Run
2023-02-22 13:35:49 Sending json value to vpnTime the value is 06:58
2023-02-22 13:35:49 Sending json value to kodachivpnbandwidth the value is 0.00199
2023-02-22 13:35:49 Sending json value to healthsactionstatus the value is Stop
2023-02-22 13:35:52 Sending json value to healthsactionstatus the value is Run
2023-02-22 13:35:53 Sending json value to vpnTime the value is 07:01
2023-02-22 13:35:53 Sending json value to memoryused the value is 945M / 15961M
2023-02-22 13:35:53 Sending json value to kodachihwid the value is 9f35aff0cb2d7ecf12e4fce495abb76d
2023-02-22 13:35:54 Sending json value to vpnTime the value is 07:03
2023-02-22 13:35:55 Sending json value to kodachivpnbandwidth the value is 0.00200
2023-02-22 13:35:59 Sending json value to healthsactionstatus the value is Stop
2023-02-22 13:35:59 Sending json value to healthsactionstatus the value is Run
2023-02-22 13:35:59 Sending json value to vpnTime the value is 07:08
2023-02-22 13:36:00 Sending json value to kodachivpnbandwidth the value is 0.00202
2023-02-22 13:36:00 Sending json value to healthsactionstatus the value is Stop
2023-02-22 13:36:15 Sending json value to healthsactionstatus the value is Run
2023-02-22 13:36:15 Sending json value to vpnTime the value is 07:24
2023-02-22 13:36:15 Sending json value to memoryused the value is 910M / 15961M
2023-02-22 13:36:15 Sending json value to kodachihwid the value is 4bbe4a6ec07e05d778e6f95cd395590d
2023-02-22 13:36:16 Sending json value to vpnTime the value is 07:25
2023-02-22 13:36:17 Sending json value to kodachihwid the value is 29832f84f342c39ff3a5db86e7e46269
2023-02-22 13:36:18 Sending json value to kodachivpnbandwidth the value is 0.00205
2023-02-22 13:36:23 Sending json value to healthsactionstatus the value is Stop
2023-02-22 13:36:23 Sending json value to healthsactionstatus the value is Run
2023-02-22 13:36:23 Sending json value to vpnTime the value is 07:32
2023-02-22 13:36:23 Sending json value to kodachivpnbandwidth the value is 0.00207
2023-02-22 13:36:24 Sending json value to healthsactionstatus the value is Stop
2023-02-22 13:36:38 Sending json value to healthsactionstatus the value is Run
2023-02-22 13:36:38 Sending json value to vpnTime the value is 07:47
2023-02-22 13:36:38 Sending json value to memoryused the value is 895M / 15961M
2023-02-22 13:36:38 Sending json value to kodachihwid the value is 6b0f597ec838eef79884bf7768b4cd93
2023-02-22 13:36:39 Sending json value to vpnTime the value is 07:48
2023-02-22 13:36:40 Sending json value to kodachivpnbandwidth the value is 0.00208
2023-02-22 13:37:48 Sending json value to OriginalISPIPAddress the value is -
2023-02-22 13:37:48 Sending json value to OriginalISPCountry the value is -
2023-02-22 13:37:49 Sending json value to VPNIP the value is -
2023-02-22 13:37:49 Sending json value to VPNCountry the value is -
2023-02-22 13:37:49 Sending json value to SecurityStatus the value is -
2023-02-22 13:37:49 Sending json value to TORIP the value is -
2023-02-22 13:37:49 Sending json value to TORCountry the value is -
2023-02-22 13:37:49 Sending json value to memoryused the value is -
2023-02-22 13:37:49 Sending json value to openfiles the value is -
2023-02-22 13:37:49 Sending json value to boottype the value is -
2023-02-22 13:37:50 Sending json value to banstatus the value is -
2023-02-22 13:37:50 Sending json value to livemode the value is -
2023-02-22 13:37:50 Sending json value to kodachihwid the value is -
2023-02-22 13:37:50 Sending json value to printcapsstatus the value is -
2023-02-22 13:37:50 Sending json value to torblock the value is -
2023-02-22 13:37:50 Sending json value to osnukestatus the value is -
2023-02-22 13:37:50 Sending json value to hddencryptstatus the value is -
2023-02-22 13:37:51 Sending json value to swapcryptstatus the value is -
2023-02-22 13:37:51 Sending json value to totalswap the value is -
2023-02-22 13:37:51 Sending json value to securityscore the value is -
2023-02-22 13:37:51 Sending json value to securitymodel the value is -
2023-02-22 13:37:51 Sending json value to firewallstatus the value is -
2023-02-22 13:37:51 Sending json value to kodachivpnbandwidth the value is -
2023-02-22 13:37:51 Sending json value to VPNport the value is -
2023-02-22 13:37:52 Sending json value to VPNprotocol the value is -
2023-02-22 13:37:52 Sending json value to VPNprofile the value is -
2023-02-22 13:37:52 Sending json value to KodachiISOVersionAlert the value is :!
2023-02-22 13:37:52 Sending json value to healthsactionstatus the value is Stop
2023-02-22 13:38:13 Sending json value to OriginalISPIPAddress the value is 141.105.173.249
2023-02-22 13:38:13 Sending json value to OriginalISPCountry the value is Oman
2023-02-22 13:38:13 Sending json value to SecurityStatus the value is notsecure
2023-02-22 13:38:14 Sending json value to healthsactionstatus the value is Run
2023-02-22 13:38:14 Sending json value to KodachiISOVersionAlert the value is !:!
2023-02-22 13:38:14 Sending json value to memoryused the value is 773M / 15961M
2023-02-22 13:38:14 Sending json value to kodachihwid the value is 5ba90da3b2debb03c4cae541b7330d05
2023-02-22 13:38:14 Sending json value to printcapsstatus the value is No
2023-02-22 13:38:15 Sending json value to hddencryptstatus the value is No
2023-02-22 13:38:15 Sending json value to firewallstatus the value is No
2023-02-22 13:38:15 Sending json value to swapcryptstatus the value is No
2023-02-22 13:38:15 Sending json value to totalswap the value is 0
2023-02-22 13:38:15 Sending json value to torblock the value is 0 countries
2023-02-22 13:38:15 Sending json value to osnukestatus the value is No
2023-02-22 13:38:16 Sending json value to netintused the value is ens33
2023-02-22 13:38:16 Sending json value to openfiles the value is 36193
2023-02-22 13:38:16 Sending json value to boottype the value is Legacy
2023-02-22 13:38:16 Sending json value to livemode the value is No
2023-02-22 13:38:17 Sending json value to securitymodel the value is ISP->DNScrypt
2023-02-22 13:38:17 Sending json value to securityscore the value is 25
2023-02-22 13:38:18 Sending json value to kodachihwid the value is a3abfa5971ae334cb3fc1e2ff7f0b6f1
2023-02-22 13:38:19 Sending json value to banstatus the value is Active
2023-02-22 13:38:20 Sending json value to vpnTime the value is -
2023-02-22 13:38:20 Sending json value to SecurityStatus the value is -
2023-02-22 13:38:20 Sending json value to kodachihwid the value is 66645b9582445e1fd8273802fb1ab874
2023-02-22 13:38:21 Sending json value to VPNport the value is 443
2023-02-22 13:38:22 Sending json value to VPNprotocol the value is udp
2023-02-22 13:38:22 Sending json value to VPNprofile the value is kodachi-vpn.ovpn
2023-02-22 13:38:22 Sending json value to VPNprofileip the value is 208.67.105.111
2023-02-22 13:38:46 Sending json value to Screenfontsize the value is 8
2023-02-22 13:38:47 Sending json value to Screenresolution the value is 1280x800
2023-02-22 13:38:48 Sending json value to VPNIP the value is 208.67.105.111
2023-02-22 13:38:48 Sending json value to SecurityStatus the value is secure
2023-02-22 13:38:48 Sending json value to VPNCountry the value is United States
2023-02-22 13:38:48 Sending json value to vpnTime the value is 00:27
2023-02-22 13:38:55 Sending json value to spheretor the value is 0
2023-02-22 13:38:57 Sending json value to spheretor the value is 1
2023-02-22 13:38:57 Sending json value to kodachivpnbandwidth the value is 0.00029
2023-02-22 13:39:01 Sending json value to TORIP the value is 185.112.156.72
2023-02-22 13:39:01 Sending json value to TORCountry the value is Hungary
2023-02-22 13:39:01 Sending json value to healthsactionstatus the value is Stop
2023-02-22 13:39:01 Sending json value to healthsactionstatus the value is Run
2023-02-22 13:39:01 Sending json value to vpnTime the value is 00:41
2023-02-22 13:39:02 Sending json value to kodachivpnbandwidth the value is 0.00032
2023-02-22 13:39:02 Sending json value to healthsactionstatus the value is Stop
2023-02-22 13:39:10 Sending json value to healthsactionstatus the value is Run
2023-02-22 13:39:10 Sending json value to vpnTime the value is 00:50
2023-02-22 13:39:10 Sending json value to memoryused the value is 839M / 15961M
2023-02-22 13:39:10 Sending json value to kodachihwid the value is 51ef99b661afe79933dcfb93fb220eed
2023-02-22 13:39:11 Sending json value to netintused the value is tun0
2023-02-22 13:39:11 Sending json value to vpnTime the value is 00:51
2023-02-22 13:39:11 Sending json value to securitymodel the value is ISP->VPN->Tor->DNScrypt
2023-02-22 13:39:12 Sending json value to securityscore the value is 55
2023-02-22 13:39:12 Sending json value to kodachivpnbandwidth the value is 0.00039
2023-02-22 13:39:14 Sending json value to healthsactionstatus the value is Stop
2023-02-22 13:39:15 Sending json value to healthsactionstatus the value is Run
2023-02-22 13:39:15 Sending json value to vpnTime the value is 00:55
2023-02-22 13:39:15 Sending json value to kodachivpnbandwidth the value is 0.00041
2023-02-22 13:39:15 Sending json value to healthsactionstatus the value is Stop
2023-02-22 13:39:16 Sending json value to Screenfontsize the value is 10
2023-02-22 13:39:16 Sending json value to Screenresolution the value is 2560x1080
2023-02-22 13:39:26 Sending json value to healthsactionstatus the value is Run
2023-02-22 13:39:27 Sending json value to vpnTime the value is 01:06
2023-02-22 13:39:27 Sending json value to memoryused the value is 851M / 15961M
2023-02-22 13:39:27 Sending json value to kodachihwid the value is d4f908d5114a0b21884c09571a53e132
2023-02-22 13:39:27 Sending json value to vpnTime the value is 01:07
2023-02-22 13:39:28 Sending json value to kodachivpnbandwidth the value is 0.00047
2023-02-22 13:39:33 Sending json value to healthsactionstatus the value is Stop
2023-02-22 13:39:33 Sending json value to healthsactionstatus the value is Run
2023-02-22 13:39:33 Sending json value to vpnTime the value is 01:13
2023-02-22 13:39:33 Sending json value to kodachivpnbandwidth the value is 0.00050
2023-02-22 13:39:33 Sending json value to healthsactionstatus the value is Stop
2023-02-22 13:39:45 Sending json value to healthsactionstatus the value is Run
2023-02-22 13:39:45 Sending json value to vpnTime the value is 01:25
2023-02-22 13:39:45 Sending json value to memoryused the value is 860M / 15961M
2023-02-22 13:39:45 Sending json value to kodachihwid the value is 090eb9118725f47dae204c9de4e63aa8
2023-02-22 13:39:46 Sending json value to vpnTime the value is 01:26
2023-02-22 13:39:46 Sending json value to kodachivpnbandwidth the value is 0.00053
2023-02-22 13:39:50 Sending json value to healthsactionstatus the value is Stop
2023-02-22 13:39:50 Sending json value to healthsactionstatus the value is Run
2023-02-22 13:39:50 Sending json value to vpnTime the value is 01:30
2023-02-22 13:39:50 Sending json value to kodachivpnbandwidth the value is 0.00055
2023-02-22 13:39:50 Sending json value to healthsactionstatus the value is Stop
2023-02-22 13:39:56 Sending json value to healthsactionstatus the value is Run
2023-02-22 13:39:56 Sending json value to vpnTime the value is 01:36
2023-02-22 13:39:56 Sending json value to memoryused the value is 858M / 15961M
2023-02-22 13:39:56 Sending json value to kodachihwid the value is 4057a0106d936ea4b665b4d2a41fa82f
2023-02-22 13:39:57 Sending json value to vpnTime the value is 01:37
2023-02-22 13:39:57 Sending json value to kodachivpnbandwidth the value is 0.00057
2023-02-22 13:40:01 Sending json value to healthsactionstatus the value is Stop
2023-02-22 13:40:01 Sending json value to healthsactionstatus the value is Run
2023-02-22 13:40:02 Sending json value to vpnTime the value is 01:41
2023-02-22 13:40:02 Sending json value to kodachivpnbandwidth the value is 0.00059
2023-02-22 13:40:02 Sending json value to healthsactionstatus the value is Stop
2023-02-22 13:40:11 Sending json value to healthsactionstatus the value is Run
2023-02-22 13:40:11 Sending json value to vpnTime the value is 01:51
2023-02-22 13:40:12 Sending json value to memoryused the value is 850M / 15961M
2023-02-22 13:40:12 Sending json value to kodachihwid the value is f36cd90b39635bf02a09bc10f024ee5e
2023-02-22 13:40:12 Sending json value to vpnTime the value is 01:52
2023-02-22 13:40:13 Sending json value to kodachivpnbandwidth the value is 0.00060
2023-02-22 13:40:18 Sending json value to healthsactionstatus the value is Stop
2023-02-22 13:40:18 Sending json value to healthsactionstatus the value is Run
2023-02-22 13:40:19 Sending json value to vpnTime the value is 01:58
2023-02-22 13:40:19 Sending json value to kodachivpnbandwidth the value is 0.00062
2023-02-22 13:40:19 Sending json value to healthsactionstatus the value is Stop
2023-02-22 13:40:26 Sending json value to healthsactionstatus the value is Run
2023-02-22 13:40:26 Sending json value to vpnTime the value is 02:06
2023-02-22 13:40:27 Sending json value to memoryused the value is 875M / 15961M
2023-02-22 13:40:27 Sending json value to kodachihwid the value is c709c38bcb317e2232e82d5e3562db7c
2023-02-22 13:40:27 Sending json value to vpnTime the value is 02:07
2023-02-22 13:40:35 Sending json value to healthsactionstatus the value is Stop
2023-02-22 13:40:35 Sending json value to healthsactionstatus the value is Run
2023-02-22 13:40:35 Sending json value to vpnTime the value is 02:15
2023-02-22 13:40:36 Sending json value to kodachivpnbandwidth the value is 0.00064
2023-02-22 13:40:36 Sending json value to healthsactionstatus the value is Stop
2023-02-22 13:40:37 Sending json value to healthsactionstatus the value is Run
2023-02-22 13:40:37 Sending json value to vpnTime the value is 02:17
2023-02-22 13:40:37 Sending json value to memoryused the value is 768M / 15961M
2023-02-22 13:40:37 Sending json value to kodachihwid the value is 2aece74d95a3d60af514a8a3ff15ba61
2023-02-22 13:40:38 Sending json value to vpnTime the value is 02:18
2023-02-22 13:40:42 Sending json value to healthsactionstatus the value is Stop
2023-02-22 13:40:42 Sending json value to healthsactionstatus the value is Run
2023-02-22 13:40:43 Sending json value to vpnTime the value is 02:22
2023-02-22 13:40:43 Sending json value to kodachivpnbandwidth the value is 0.00066
2023-02-22 13:40:43 Sending json value to healthsactionstatus the value is Stop
2023-02-22 13:40:45 Sending json value to healthsactionstatus the value is Run
2023-02-22 13:40:45 Sending json value to vpnTime the value is 02:25
2023-02-22 13:40:45 Sending json value to memoryused the value is 771M / 15961M
2023-02-22 13:40:46 Sending json value to kodachihwid the value is 8a6136400588c2b950ddbe236006d24a
2023-02-22 13:40:46 Sending json value to vpnTime the value is 02:26
2023-02-22 13:40:47 Sending json value to kodachivpnbandwidth the value is 0.00067
2023-02-22 13:40:50 Sending json value to healthsactionstatus the value is Stop
2023-02-22 13:40:50 Sending json value to healthsactionstatus the value is Run
2023-02-22 13:40:50 Sending json value to vpnTime the value is 02:30
2023-02-22 13:40:50 Sending json value to kodachivpnbandwidth the value is 0.00069
2023-02-22 13:40:50 Sending json value to healthsactionstatus the value is Stop
2023-02-22 13:40:55 Sending json value to healthsactionstatus the value is Run
2023-02-22 13:40:56 Sending json value to vpnTime the value is 02:35
2023-02-22 13:40:56 Sending json value to memoryused the value is 791M / 15961M
2023-02-22 13:40:56 Sending json value to kodachihwid the value is 876eb0ed7430adc69ca00c9d68bc0d28
2023-02-22 13:40:57 Sending json value to vpnTime the value is 02:36
2023-02-22 13:41:00 Sending json value to healthsactionstatus the value is Stop
2023-02-22 13:41:00 Sending json value to healthsactionstatus the value is Run
2023-02-22 13:41:00 Sending json value to vpnTime the value is 02:40
2023-02-22 13:41:00 Sending json value to kodachivpnbandwidth the value is 0.00071
2023-02-22 13:41:00 Sending json value to healthsactionstatus the value is Stop
2023-02-23 13:21:00 Sending json value to OriginalISPIPAddress the value is -
2023-02-23 13:21:04 Sending json value to OriginalISPCountry the value is -
2023-02-23 13:21:05 Sending json value to VPNIP the value is -
2023-02-23 13:21:07 Sending json value to VPNCountry the value is -
2023-02-23 13:21:08 Sending json value to SecurityStatus the value is -
2023-02-23 13:21:09 Sending json value to TORIP the value is -
2023-02-23 13:21:09 Sending json value to TORCountry the value is -
2023-02-23 13:21:11 Sending json value to memoryused the value is -
2023-02-23 13:21:12 Sending json value to openfiles the value is -
2023-02-23 13:21:13 Sending json value to boottype the value is -
2023-02-23 13:21:13 Sending json value to banstatus the value is -
2023-02-23 13:21:14 Sending json value to livemode the value is -
2023-02-23 13:21:15 Sending json value to kodachihwid the value is -
2023-02-23 13:21:15 Sending json value to printcapsstatus the value is -
2023-02-23 13:21:15 Sending json value to torblock the value is -
2023-02-23 13:21:16 Sending json value to osnukestatus the value is -
2023-02-23 13:21:17 Sending json value to hddencryptstatus the value is -
2023-02-23 13:21:17 Sending json value to swapcryptstatus the value is -
2023-02-23 13:21:17 Sending json value to totalswap the value is -
2023-02-23 13:21:18 Sending json value to securityscore the value is -
2023-02-23 13:21:18 Sending json value to securitymodel the value is -
2023-02-23 13:21:19 Sending json value to firewallstatus the value is -
2023-02-23 13:21:19 Sending json value to kodachivpnbandwidth the value is -
2023-02-23 13:21:20 Sending json value to VPNport the value is -
2023-02-23 13:21:20 Sending json value to VPNprotocol the value is -
2023-02-23 13:21:21 Sending json value to VPNprofile the value is -
2023-02-23 13:21:22 Sending json value to InternetStatusbydomainonly the value is Offline
2023-02-23 13:21:22 SOS Sending json value to systemhealthactionpicker the value is 1
2023-02-23 13:21:22 Sending json value to InternetStatus the value is Offline
2023-02-23 13:21:22 SOS Sending json value to systemhealthactionpicker the value is 1
2023-02-23 13:21:27 Sending json value to InternetStatus the value is Online
2023-02-23 13:21:27 SOS Sending json value to systemhealthactionpicker the value is 1
2023-02-23 13:21:27 Sending json value to InternetStatusbydomainonly the value is Online
2023-02-23 13:21:27 SOS Sending json value to systemhealthactionpicker the value is 1
2023-02-23 13:21:45 Sending json value to OriginalISPIPAddress the value is 65.108.156.124
2023-02-23 13:21:45 Sending json value to OriginalISPCountry the value is United States
2023-02-23 13:21:46 Sending json value to SecurityStatus the value is notsecure
2023-02-23 13:21:46 Sending json value to healthsactionstatus the value is Run
2023-02-23 13:21:47 Sending json value to memoryused the value is 851M / 7909M
2023-02-23 13:21:47 Sending json value to kodachihwid the value is 3c0ae2cc92f7591e6695d0fa464d4d03
2023-02-23 13:21:48 Sending json value to printcapsstatus the value is No
2023-02-23 13:21:49 Sending json value to hddencryptstatus the value is No
2023-02-23 13:21:16 Sending json value to firewallstatus the value is No
2023-02-23 13:21:16 Sending json value to swapcryptstatus the value is No
2023-02-23 13:21:16 Sending json value to totalswap the value is 0
2023-02-23 13:21:16 Sending json value to torblock the value is 0 countries
2023-02-23 13:21:17 Sending json value to osnukestatus the value is No
2023-02-23 13:21:17 Sending json value to netintused the value is ens33
2023-02-23 13:21:18 Sending json value to openfiles the value is 37035
2023-02-23 13:21:18 Sending json value to boottype the value is UEFI
2023-02-23 13:21:19 Sending json value to livemode the value is Yes
2023-02-23 13:21:19 Sending json value to securitymodel the value is ISP->DNScrypt
2023-02-23 13:21:19 Sending json value to securityscore the value is 35
2023-02-23 13:21:22 Sending json value to kodachihwid the value is 654a233f002a5b8f8cedeb4b9edbe8bb
2023-02-23 13:21:26 Sending json value to banstatus the value is Active
2023-02-23 13:21:27 Sending json value to vpnTime the value is -
2023-02-23 13:21:27 Sending json value to SecurityStatus the value is -
2023-02-23 13:21:27 Sending json value to kodachihwid the value is 57931ecf226797d2346790f5af8272e2
2023-02-23 13:21:29 Sending json value to VPNport the value is 443
2023-02-23 13:21:29 Sending json value to VPNprotocol the value is udp
2023-02-23 13:21:30 Sending json value to VPNprofile the value is kodachi-vpn.ovpn
2023-02-23 13:21:30 Sending json value to VPNprofileip the value is 208.67.106.124
