2022-09-06 10:06:25 Sending json value to healthsactionstatus the value is Run
2022-09-06 10:06:25 Sending json value to vpnTime the value is 13:22
2022-09-06 10:06:25 Sending json value to memoryused the value is 756M / 15979M
2022-09-06 10:06:26 Sending json value to vpnTime the value is 13:23
2022-09-06 10:06:29 Sending json value to healthsactionstatus the value is Stop
2022-09-06 10:06:29 Sending json value to healthsactionstatus the value is Run
2022-09-06 10:06:29 Sending json value to vpnTime the value is 13:26
2022-09-06 10:06:29 Sending json value to kodachivpnbandwidth the value is 0.00204
2022-09-06 10:06:29 Sending json value to healthsactionstatus the value is Stop
2022-09-06 10:06:38 Sending json value to healthsactionstatus the value is Run
2022-09-06 10:06:38 Sending json value to vpnTime the value is 13:35
2022-09-06 10:06:39 Sending json value to memoryused the value is 754M / 15979M
2022-09-06 10:06:39 Sending json value to vpnTime the value is 13:36
2022-09-06 10:06:39 Sending json value to kodachivpnbandwidth the value is 0.00218
2022-09-06 10:06:42 Sending json value to healthsactionstatus the value is Stop
2022-09-06 10:06:42 Sending json value to healthsactionstatus the value is Run
2022-09-06 10:06:42 Sending json value to vpnTime the value is 13:39
2022-09-06 10:06:42 Sending json value to kodachivpnbandwidth the value is 0.00220
2022-09-06 10:06:43 Sending json value to healthsactionstatus the value is Stop
2022-09-06 10:06:46 Sending json value to Kodachi_version the value is 8.25
2022-09-06 10:06:56 Sending json value to healthsactionstatus the value is Run
2022-09-06 10:06:56 Sending json value to vpnTime the value is 13:53
2022-09-06 10:06:56 Sending json value to memoryused the value is 799M / 15979M
2022-09-06 10:06:57 Sending json value to kodachivpnbandwidth the value is 0.00224
2022-09-06 10:06:59 Sending json value to healthsactionstatus the value is Stop
2022-09-06 10:06:59 Sending json value to Ipdomainsource the value is other
2022-09-06 10:06:59 SOS Sending json value to systemhealthactionpicker the value is 1
2022-09-06 10:06:59 Sending json value to healthsactionstatus the value is Run
2022-09-06 10:06:59 Sending json value to vpnTime the value is 13:56
2022-09-06 10:07:15 Sending json value to kodachivpnbandwidth the value is 0.00250
2022-09-06 10:07:15 Sending json value to systemhealthactionpicker the value is 0
2022-09-06 10:07:15 Sending json value to healthsactionstatus the value is Stop
2022-09-06 10:07:16 Sending json value to healthsactionstatus the value is Run
2022-09-06 10:07:16 Sending json value to vpnTime the value is 14:13
2022-09-06 10:07:16 Sending json value to Ipdomainsshorturl the value is md5calc.com
2022-09-06 10:07:17 Sending json value to kodachivpnbandwidth the value is 0.00251
2022-09-06 10:07:19 Sending json value to healthsactionstatus the value is Stop
2022-09-06 10:07:20 Sending json value to healthsactionstatus the value is Run
2022-09-06 10:07:20 Sending json value to vpnTime the value is 14:17
2022-09-06 10:07:20 Sending json value to Ipdomainsshorturl the value is ident.me
2022-09-06 10:07:21 Sending json value to kodachivpnbandwidth the value is 0.00260
2022-09-06 10:07:21 Sending json value to healthsactionstatus the value is Stop
2022-09-06 10:07:23 Sending json value to healthsactionstatus the value is Run
2022-09-06 10:07:23 Sending json value to vpnTime the value is 14:20
2022-09-06 10:07:23 Sending json value to Ipdomainsshorturl the value is ifconfig.me
2022-09-06 10:07:24 Sending json value to kodachivpnbandwidth the value is 0.00261
2022-09-06 10:07:25 Sending json value to healthsactionstatus the value is Stop
2022-09-06 10:07:25 Sending json value to healthsactionstatus the value is Run
2022-09-06 10:07:25 Sending json value to vpnTime the value is 14:22
2022-09-06 10:07:26 Sending json value to Ipdomainsshorturl the value is curlmyip.net
2022-09-06 10:07:26 Sending json value to healthsactionstatus the value is Stop
2022-09-06 10:07:35 Sending json value to healthsactionstatus the value is Run
2022-09-06 10:07:35 Sending json value to vpnTime the value is 14:32
2022-09-06 10:07:35 Sending json value to Ipdomainsshorturl the value is myexternalip.com
2022-09-06 10:07:35 Sending json value to memoryused the value is 798M / 15979M
2022-09-06 10:07:36 Sending json value to vpnTime the value is 14:33
2022-09-06 10:07:36 Sending json value to kodachivpnbandwidth the value is 0.00263
2022-09-06 10:07:38 Sending json value to healthsactionstatus the value is Stop
2022-09-06 10:07:38 Sending json value to healthsactionstatus the value is Run
2022-09-06 10:07:38 Sending json value to vpnTime the value is 14:35
2022-09-06 10:07:38 Sending json value to Ipdomainsshorturl the value is ipecho.net
2022-09-06 10:07:39 Sending json value to kodachivpnbandwidth the value is 0.00264
2022-09-06 10:07:39 Sending json value to healthsactionstatus the value is Stop
2022-09-06 10:07:45 Sending json value to healthsactionstatus the value is Run
2022-09-06 10:07:45 Sending json value to vpnTime the value is 14:42
2022-09-06 10:07:45 Sending json value to Ipdomainsshorturl the value is ident.me
2022-09-06 10:07:45 Sending json value to memoryused the value is 792M / 15979M
2022-09-06 10:07:46 Sending json value to vpnTime the value is 14:43
2022-09-06 10:07:46 Sending json value to kodachivpnbandwidth the value is 0.00273
2022-09-06 10:07:47 Sending json value to healthsactionstatus the value is Stop
2022-09-06 10:07:48 Sending json value to healthsactionstatus the value is Run
2022-09-06 10:07:48 Sending json value to vpnTime the value is 14:45
2022-09-06 10:07:48 Sending json value to Ipdomainsshorturl the value is wtfismyip.com
2022-09-06 10:07:48 Sending json value to kodachivpnbandwidth the value is 0.00274
2022-09-06 10:07:48 Sending json value to healthsactionstatus the value is Stop
2022-09-06 10:07:49 Sending json value to healthsactionstatus the value is Run
2022-09-06 10:07:49 Sending json value to vpnTime the value is 14:46
2022-09-06 10:07:50 Sending json value to Ipdomainsshorturl the value is myexternalip.com
2022-09-06 10:07:50 Sending json value to memoryused the value is 790M / 15979M
2022-09-06 10:07:50 Sending json value to vpnTime the value is 14:47
2022-09-06 10:07:52 Sending json value to healthsactionstatus the value is Stop
2022-09-06 10:07:52 Sending json value to healthsactionstatus the value is Run
2022-09-06 10:07:52 Sending json value to vpnTime the value is 14:49
2022-09-06 10:07:53 Sending json value to Ipdomainsshorturl the value is ident.me
2022-09-06 10:07:53 Sending json value to kodachivpnbandwidth the value is 0.00276
2022-09-06 10:07:53 Sending json value to healthsactionstatus the value is Stop
2022-09-06 10:07:58 Sending json value to healthsactionstatus the value is Run
2022-09-06 10:07:58 Sending json value to vpnTime the value is 14:55
2022-09-06 10:07:58 Sending json value to Ipdomainsshorturl the value is ifconfig.me
2022-09-06 10:07:58 Sending json value to memoryused the value is 763M / 15979M
2022-09-06 10:07:59 Sending json value to vpnTime the value is 14:56
2022-09-06 10:07:59 Sending json value to kodachivpnbandwidth the value is 0.00278
2022-09-06 10:08:01 Sending json value to healthsactionstatus the value is Stop
2022-09-06 10:08:01 Sending json value to healthsactionstatus the value is Run
2022-09-06 10:08:01 Sending json value to vpnTime the value is 14:58
2022-09-06 10:08:01 Sending json value to Ipdomainsshorturl the value is ipinfo.io
2022-09-06 10:08:02 Sending json value to healthsactionstatus the value is Stop
2022-09-06 10:08:14 Sending json value to healthsactionstatus the value is Run
2022-09-06 10:08:14 Sending json value to vpnTime the value is 15:11
2022-09-06 10:08:14 Sending json value to Ipdomainsshorturl the value is myexternalip.com
2022-09-06 10:08:14 Sending json value to memoryused the value is 761M / 15979M
2022-09-06 10:08:15 Sending json value to kodachivpnbandwidth the value is 0.00279
2022-09-06 10:08:16 Sending json value to healthsactionstatus the value is Stop
2022-09-06 10:08:17 Sending json value to healthsactionstatus the value is Run
2022-09-06 10:08:17 Sending json value to vpnTime the value is 15:14
2022-09-06 10:08:17 Sending json value to Ipdomainsshorturl the value is icanhazip.com
2022-09-06 10:08:17 Sending json value to healthsactionstatus the value is Stop
2022-09-06 10:08:31 Sending json value to healthsactionstatus the value is Run
2022-09-06 10:08:31 Sending json value to vpnTime the value is 15:28
2022-09-06 10:08:32 Sending json value to Ipdomainsshorturl the value is wtfismyip.com
2022-09-06 10:08:32 Sending json value to memoryused the value is 809M / 15979M
2022-09-06 10:08:32 Sending json value to vpnTime the value is 15:29
2022-09-06 10:08:34 Sending json value to healthsactionstatus the value is Stop
2022-09-06 10:08:34 Sending json value to healthsactionstatus the value is Run
2022-09-06 10:08:35 Sending json value to vpnTime the value is 15:31
2022-09-06 10:08:35 Sending json value to Ipdomainsshorturl the value is icanhazip.com
2022-09-06 10:08:35 Sending json value to kodachivpnbandwidth the value is 0.00280
2022-09-06 10:08:35 Sending json value to healthsactionstatus the value is Stop
2022-09-06 10:08:40 Sending json value to healthsactionstatus the value is Run
2022-09-06 10:08:40 Sending json value to vpnTime the value is 15:37
2022-09-06 10:08:40 Sending json value to Ipdomainsshorturl the value is ipecho.net
2022-09-06 10:08:41 Sending json value to memoryused the value is 871M / 15979M
2022-09-06 10:08:41 Sending json value to vpnTime the value is 15:38
2022-09-06 10:08:43 Sending json value to healthsactionstatus the value is Stop
2022-09-06 10:08:43 Sending json value to healthsactionstatus the value is Run
2022-09-06 10:08:44 Sending json value to vpnTime the value is 15:40
2022-09-06 10:08:44 Sending json value to Ipdomainsshorturl the value is myexternalip.com
2022-09-06 10:08:44 Sending json value to kodachivpnbandwidth the value is 0.00281
2022-09-06 10:08:44 Sending json value to healthsactionstatus the value is Stop
2022-09-06 10:08:54 Sending json value to healthsactionstatus the value is Run
2022-09-06 10:08:54 Sending json value to vpnTime the value is 15:51
2022-09-06 10:08:54 Sending json value to memoryused the value is 971M / 15979M
2022-09-06 10:08:55 Sending json value to vpnTime the value is 15:52
2022-09-06 10:08:57 Sending json value to healthsactionstatus the value is Stop
2022-09-06 10:08:57 Sending json value to healthsactionstatus the value is Run
2022-09-06 10:08:57 Sending json value to vpnTime the value is 15:54
2022-09-06 10:08:57 Sending json value to Ipdomainsshorturl the value is wtfismyip.com
2022-09-06 10:08:57 Sending json value to healthsactionstatus the value is Stop
2022-09-06 10:09:03 Sending json value to healthsactionstatus the value is Run
2022-09-06 10:09:03 Sending json value to vpnTime the value is 16:00
2022-09-06 10:09:03 Sending json value to Ipdomainsshorturl the value is ipecho.net
2022-09-06 10:09:03 Sending json value to memoryused the value is 1037M / 15979M
2022-09-06 10:09:04 Sending json value to kodachivpnbandwidth the value is 0.00282
2022-09-06 10:09:05 Sending json value to healthsactionstatus the value is Stop
2022-09-06 10:09:06 Sending json value to healthsactionstatus the value is Run
2022-09-06 10:09:06 Sending json value to vpnTime the value is 16:03
2022-09-06 10:09:06 Sending json value to Ipdomainsshorturl the value is md5calc.com
2022-09-06 10:09:06 Sending json value to healthsactionstatus the value is Stop
2022-09-06 10:09:14 Sending json value to healthsactionstatus the value is Run
2022-09-06 10:09:14 Sending json value to vpnTime the value is 16:11
2022-09-06 10:09:14 Sending json value to Ipdomainsshorturl the value is ident.me
2022-09-06 10:09:15 Sending json value to memoryused the value is 1116M / 15979M
2022-09-06 10:09:15 Sending json value to openfiles the value is 38348
2022-09-06 10:09:16 Sending json value to vpnTime the value is 16:13
2022-09-06 10:09:17 Sending json value to healthsactionstatus the value is Stop
2022-09-06 10:09:17 Sending json value to healthsactionstatus the value is Run
2022-09-06 10:09:18 Sending json value to vpnTime the value is 16:14
2022-09-06 10:09:18 Sending json value to Ipdomainsshorturl the value is ip.anysrc.net
2022-09-06 10:09:18 Sending json value to healthsactionstatus the value is Stop
2022-09-06 10:09:24 Sending json value to healthsactionstatus the value is Run
2022-09-06 10:09:24 Sending json value to vpnTime the value is 16:21
2022-09-06 10:09:24 Sending json value to Ipdomainsshorturl the value is ipecho.net
2022-09-06 10:09:25 Sending json value to memoryused the value is 1126M / 15979M
2022-09-06 10:09:25 Sending json value to vpnTime the value is 16:22
2022-09-06 10:09:25 Sending json value to kodachivpnbandwidth the value is 0.00283
2022-09-06 10:09:27 Sending json value to healthsactionstatus the value is Stop
2022-09-06 10:09:27 Sending json value to healthsactionstatus the value is Run
2022-09-06 10:09:27 Sending json value to vpnTime the value is 16:24
2022-09-06 10:09:28 Sending json value to Ipdomainsshorturl the value is wtfismyip.com
2022-09-06 10:09:28 Sending json value to healthsactionstatus the value is Stop
2022-09-06 10:09:31 Sending json value to healthsactionstatus the value is Run
2022-09-06 10:09:31 Sending json value to vpnTime the value is 16:28
2022-09-06 10:09:31 Sending json value to Ipdomainsshorturl the value is ipinfo.io
2022-09-06 10:09:31 Sending json value to memoryused the value is 814M / 15979M
2022-09-06 10:09:32 Sending json value to vpnTime the value is 16:29
2022-09-06 10:09:34 Sending json value to kodachivpnbandwidth the value is 0.00286
2022-09-06 10:09:35 Sending json value to healthsactionstatus the value is Stop
2022-09-06 10:09:35 Sending json value to healthsactionstatus the value is Run
2022-09-06 10:09:35 Sending json value to vpnTime the value is 16:32
2022-09-06 10:09:35 Sending json value to Ipdomainsshorturl the value is ifconfig.me
2022-09-06 10:09:36 Sending json value to healthsactionstatus the value is Stop
2022-09-06 10:09:48 Sending json value to healthsactionstatus the value is Run
2022-09-06 10:09:48 Sending json value to vpnTime the value is 16:45
2022-09-06 10:09:48 Sending json value to Ipdomainsshorturl the value is ipecho.net
2022-09-06 10:09:48 Sending json value to memoryused the value is 812M / 15979M
2022-09-06 10:09:49 Sending json value to vpnTime the value is 16:46
2022-09-06 10:09:51 Sending json value to healthsactionstatus the value is Stop
2022-09-06 10:09:51 Sending json value to healthsactionstatus the value is Run
2022-09-06 10:09:51 Sending json value to vpnTime the value is 16:48
2022-09-06 10:09:51 Sending json value to Ipdomainsshorturl the value is md5calc.com
2022-09-06 10:09:51 Sending json value to kodachivpnbandwidth the value is 0.00287
2022-09-06 10:09:51 Sending json value to healthsactionstatus the value is Stop
2022-09-06 10:09:57 Sending json value to healthsactionstatus the value is Run
2022-09-06 10:09:58 Sending json value to vpnTime the value is 16:55
2022-09-06 10:09:58 Sending json value to Ipdomainsshorturl the value is ipinfo.io
2022-09-06 10:09:58 Sending json value to memoryused the value is 782M / 15979M
2022-09-06 10:10:46 Sending json value to OriginalISPIPAddress the value is -
2022-09-06 10:10:46 Sending json value to OriginalISPCountry the value is -
2022-09-06 10:10:46 Sending json value to VPNIP the value is -
2022-09-06 10:10:46 Sending json value to VPNCountry the value is -
2022-09-06 10:10:46 Sending json value to SecurityStatus the value is -
2022-09-06 10:10:46 Sending json value to TORIP the value is -
2022-09-06 10:10:47 Sending json value to TORCountry the value is -
2022-09-06 10:10:47 Sending json value to memoryused the value is -
2022-09-06 10:10:47 Sending json value to openfiles the value is -
2022-09-06 10:10:47 Sending json value to boottype the value is -
2022-09-06 10:10:47 Sending json value to banstatus the value is -
2022-09-06 10:10:47 Sending json value to livemode the value is -
2022-09-06 10:10:47 Sending json value to kodachihwid the value is -
2022-09-06 10:10:47 Sending json value to printcapsstatus the value is -
2022-09-06 10:10:47 Sending json value to torblock the value is -
2022-09-06 10:10:47 Sending json value to osnukestatus the value is -
2022-09-06 10:10:48 Sending json value to hddencryptstatus the value is -
2022-09-06 10:10:48 Sending json value to swapcryptstatus the value is -
2022-09-06 10:10:48 Sending json value to totalswap the value is -
2022-09-06 10:10:48 Sending json value to securityscore the value is -
2022-09-06 10:10:48 Sending json value to securitymodel the value is -
2022-09-06 10:10:48 Sending json value to firewallstatus the value is -
2022-09-06 10:10:48 Sending json value to kodachivpnbandwidth the value is -
2022-09-06 10:10:48 Sending json value to VPNport the value is -
2022-09-06 10:10:48 Sending json value to VPNprotocol the value is -
2022-09-06 10:10:48 Sending json value to VPNprofile the value is -
2022-09-06 10:10:49 Sending json value to healthsactionstatus the value is Stop
2022-09-06 10:11:09 Sending json value to Ipdomainsshorturl the value is api.ipify.org
2022-09-06 10:11:10 Sending json value to OriginalISPIPAddress the value is 141.105.173.249
2022-09-06 10:11:10 Sending json value to OriginalISPCountry the value is Oman
2022-09-06 10:11:10 Sending json value to SecurityStatus the value is notsecure
2022-09-06 10:11:10 Sending json value to healthsactionstatus the value is Run
2022-09-06 10:11:10 Sending json value to Ipdomainsshorturl the value is myexternalip.com
2022-09-06 10:11:10 Sending json value to KodachiISOVersionAlert the value is !:!
2022-09-06 10:11:10 Sending json value to memoryused the value is 658M / 15979M
2022-09-06 10:11:11 Sending json value to kodachihwid the value is 4220b70198cb706adff883369b77f695
2022-09-06 10:11:11 Sending json value to printcapsstatus the value is No
2022-09-06 10:11:11 Sending json value to hddencryptstatus the value is No
2022-09-06 10:11:11 Sending json value to firewallstatus the value is No
2022-09-06 10:11:11 Sending json value to swapcryptstatus the value is No
2022-09-06 10:11:11 Sending json value to totalswap the value is 0
2022-09-06 10:11:11 Sending json value to torblock the value is 0 countries
2022-09-06 10:11:12 Sending json value to osnukestatus the value is No
2022-09-06 10:11:12 Sending json value to netintused the value is ens33
2022-09-06 10:11:12 Sending json value to openfiles the value is 36566
2022-09-06 10:11:12 Sending json value to boottype the value is Legacy
2022-09-06 10:11:12 Sending json value to livemode the value is No
2022-09-06 10:11:13 Sending json value to securitymodel the value is ISP->DNScrypt
2022-09-06 10:11:13 Sending json value to securityscore the value is 25
2022-09-06 10:11:27 Sending json value to banstatus the value is Active
2022-09-06 10:11:28 Sending json value to vpnTime the value is -
2022-09-06 10:11:28 Sending json value to SecurityStatus the value is -
2022-09-06 10:11:36 Sending json value to VPNport the value is 443
2022-09-06 10:11:36 Sending json value to VPNprotocol the value is udp
2022-09-06 10:11:36 Sending json value to VPNprofile the value is kodachi-vpn.ovpn
2022-09-06 10:11:36 Sending json value to VPNprofileip the value is 208.67.105.111
2022-09-06 10:12:02 Sending json value to VPNIP the value is 141.105.173.249
2022-09-06 10:12:02 Sending json value to SecurityStatus the value is secure
2022-09-06 10:12:02 Sending json value to VPNCountry the value is Oman
2022-09-06 10:12:02 Sending json value to vpnTime the value is 00:27
2022-09-06 10:12:09 Sending json value to spheretor the value is 0
2022-09-06 10:12:12 Sending json value to spheretor the value is 1
2022-09-06 10:12:14 Sending json value to TORIP the value is 165.73.242.163
2022-09-06 10:12:14 Sending json value to TORCountry the value is South Africa
2022-09-06 10:12:14 Sending json value to healthsactionstatus the value is Stop
2022-09-06 10:12:14 Sending json value to healthsactionstatus the value is Run
2022-09-06 10:12:14 Sending json value to vpnTime the value is 00:39
2022-09-06 10:12:15 Sending json value to Ipdomainsshorturl the value is ip.anysrc.net
2022-09-06 10:12:18 Sending json value to healthsactionstatus the value is Stop
2022-09-06 10:12:21 Sending json value to healthsactionstatus the value is Run
2022-09-06 10:12:21 Sending json value to vpnTime the value is 00:46
2022-09-06 10:12:21 Sending json value to Ipdomainsshorturl the value is wtfismyip.com
2022-09-06 10:12:21 Sending json value to memoryused the value is 692M / 15979M
2022-09-06 10:12:22 Sending json value to securitymodel the value is ISP->VPN->Tor->DNScrypt
2022-09-06 10:12:22 Sending json value to securityscore the value is 55
2022-09-06 10:12:26 Sending json value to healthsactionstatus the value is Stop
2022-09-06 10:12:26 Sending json value to healthsactionstatus the value is Run
2022-09-06 10:12:26 Sending json value to vpnTime the value is 00:51
2022-09-06 10:12:27 Sending json value to Ipdomainsshorturl the value is ip.anysrc.net
2022-09-06 10:12:28 Sending json value to healthsactionstatus the value is Stop
2022-09-06 10:12:34 Sending json value to healthsactionstatus the value is Run
2022-09-06 10:12:35 Sending json value to vpnTime the value is 00:59
2022-09-06 10:12:35 Sending json value to Ipdomainsshorturl the value is ident.me
2022-09-06 10:12:35 Sending json value to memoryused the value is 691M / 15979M
2022-09-06 10:12:35 Sending json value to vpnTime the value is 01:00
2022-09-06 10:12:39 Sending json value to healthsactionstatus the value is Stop
2022-09-06 10:12:39 Sending json value to healthsactionstatus the value is Run
2022-09-06 10:12:39 Sending json value to vpnTime the value is 01:04
2022-09-06 10:12:40 Sending json value to Ipdomainsshorturl the value is ipinfo.io
2022-09-06 10:12:41 Sending json value to healthsactionstatus the value is Stop
2022-09-06 10:12:43 Sending json value to healthsactionstatus the value is Run
2022-09-06 10:12:44 Sending json value to vpnTime the value is 01:08
2022-09-06 10:12:44 Sending json value to Ipdomainsshorturl the value is ip.anysrc.net
2022-09-06 10:12:44 Sending json value to memoryused the value is 693M / 15979M
2022-09-06 10:12:44 Sending json value to vpnTime the value is 01:09
2022-09-06 10:12:48 Sending json value to healthsactionstatus the value is Stop
2022-09-06 10:12:48 Sending json value to healthsactionstatus the value is Run
2022-09-06 10:12:48 Sending json value to vpnTime the value is 01:13
2022-09-06 10:12:48 Sending json value to Ipdomainsshorturl the value is ipinfo.io
2022-09-06 10:12:50 Sending json value to healthsactionstatus the value is Stop
2022-09-06 10:12:59 Sending json value to healthsactionstatus the value is Run
2022-09-06 10:12:59 Sending json value to vpnTime the value is 01:24
2022-09-06 10:12:59 Sending json value to Ipdomainsshorturl the value is curlmyip.net
2022-09-06 10:12:59 Sending json value to memoryused the value is 694M / 15979M
2022-09-06 10:13:04 Sending json value to healthsactionstatus the value is Stop
2022-09-06 10:13:04 Sending json value to healthsactionstatus the value is Run
2022-09-06 10:13:05 Sending json value to vpnTime the value is 01:29
2022-09-06 10:13:05 Sending json value to Ipdomainsshorturl the value is md5calc.com
2022-09-06 10:13:10 Sending json value to TORIP the value is -
2022-09-06 10:13:10 Sending json value to TORCountry the value is -
2022-09-06 10:13:10 Sending json value to healthsactionstatus the value is Stop
2022-09-06 10:13:21 Sending json value to healthsactionstatus the value is Run
2022-09-06 10:13:21 Sending json value to Ipdomainsshorturl the value is ip.anysrc.net
2022-09-06 10:13:22 Sending json value to memoryused the value is 670M / 15979M
2022-09-06 10:13:22 Sending json value to securitymodel the value is ISP->DNScrypt
2022-09-06 10:13:22 Sending json value to securityscore the value is 25
2022-09-06 10:13:23 Sending json value to vpnTime the value is -
2022-09-06 10:13:23 Sending json value to VPNIP the value is -
2022-09-06 10:13:24 Sending json value to VPNCountry the value is -
2022-09-06 10:13:24 Sending json value to SecurityStatus the value is -
2022-09-06 10:14:49 Sending json value to SecurityStatus the value is notsecure
2022-09-06 10:14:50 Sending json value to healthsactionstatus the value is Stop
2022-09-06 10:14:50 Sending json value to healthsactionstatus the value is Run
2022-09-06 10:14:50 Sending json value to Ipdomainsshorturl the value is api.ipify.org
2022-09-06 10:14:51 Sending json value to SecurityStatus the value is -
2022-09-06 10:14:56 Sending json value to VPNprofileip the value is 208.67.105.78
2022-09-06 10:15:28 Sending json value to VPNIP the value is 208.67.105.78
2022-09-06 10:15:29 Sending json value to SecurityStatus the value is secure
2022-09-06 10:15:29 Sending json value to VPNCountry the value is United States
2022-09-06 10:15:29 Sending json value to vpnTime the value is 00:33
2022-09-06 10:15:35 Sending json value to spheretor the value is 0
2022-09-06 10:15:49 Sending json value to spheretor the value is 1
2022-09-06 10:15:49 Sending json value to kodachivpnbandwidth the value is 0.00004
2022-09-06 10:15:49 Sending json value to healthsactionstatus the value is Stop
2022-09-06 10:16:02 Sending json value to healthsactionstatus the value is Run
2022-09-06 10:16:02 Sending json value to vpnTime the value is 01:06
2022-09-06 10:16:02 Sending json value to Ipdomainsshorturl the value is ipecho.net
2022-09-06 10:16:02 Sending json value to memoryused the value is 741M / 15979M
2022-09-06 10:16:02 Sending json value to netintused the value is tun0
2022-09-06 10:16:03 Sending json value to vpnTime the value is 01:07
2022-09-06 10:16:03 Sending json value to securitymodel the value is ISP->VPN->Tor->DNScrypt
2022-09-06 10:16:03 Sending json value to securityscore the value is 55
2022-09-06 10:16:03 Sending json value to kodachivpnbandwidth the value is 0.00005
2022-09-06 10:16:06 Sending json value to TORIP the value is 185.241.208.206
2022-09-06 10:16:06 Sending json value to TORCountry the value is Moldova
2022-09-06 10:16:06 Sending json value to healthsactionstatus the value is Stop
2022-09-06 10:16:06 Sending json value to healthsactionstatus the value is Run
2022-09-06 10:16:07 Sending json value to vpnTime the value is 01:11
2022-09-06 10:16:07 Sending json value to Ipdomainsshorturl the value is myexternalip.com
2022-09-06 10:16:07 Sending json value to healthsactionstatus the value is Stop
2022-09-06 10:16:21 Sending json value to healthsactionstatus the value is Run
2022-09-06 10:16:21 Sending json value to vpnTime the value is 01:26
2022-09-06 10:16:21 Sending json value to Ipdomainsshorturl the value is api.ipify.org
2022-09-06 10:16:21 Sending json value to memoryused the value is 742M / 15979M
2022-09-06 10:16:22 Sending json value to kodachivpnbandwidth the value is 0.00008
2022-09-06 10:16:24 Sending json value to healthsactionstatus the value is Stop
2022-09-06 10:16:24 Sending json value to healthsactionstatus the value is Run
2022-09-06 10:16:24 Sending json value to vpnTime the value is 01:29
2022-09-06 10:16:24 Sending json value to Ipdomainsshorturl the value is myexternalip.com
2022-09-06 10:16:24 Sending json value to healthsactionstatus the value is Stop
2022-09-06 10:16:39 Sending json value to healthsactionstatus the value is Run
2022-09-06 10:16:39 Sending json value to vpnTime the value is 01:43
2022-09-06 10:16:39 Sending json value to Ipdomainsshorturl the value is ipinfo.io
2022-09-06 10:16:39 Sending json value to memoryused the value is 748M / 15979M
2022-09-06 10:16:39 Sending json value to vpnTime the value is 01:44
2022-09-06 10:16:40 Sending json value to kodachivpnbandwidth the value is 0.00009
2022-09-06 10:16:45 Sending json value to healthsactionstatus the value is Stop
2022-09-06 10:16:46 Sending json value to healthsactionstatus the value is Run
2022-09-06 10:16:46 Sending json value to vpnTime the value is 01:50
2022-09-06 10:16:46 Sending json value to Ipdomainsshorturl the value is md5calc.com
2022-09-06 10:16:46 Sending json value to kodachivpnbandwidth the value is 0.00010
2022-09-06 10:16:46 Sending json value to healthsactionstatus the value is Stop
2022-09-06 10:16:57 Sending json value to healthsactionstatus the value is Run
2022-09-06 10:16:58 Sending json value to vpnTime the value is 02:02
2022-09-06 10:16:58 Sending json value to Ipdomainsshorturl the value is ident.me
2022-09-06 10:16:58 Sending json value to memoryused the value is 741M / 15979M
2022-09-06 10:16:58 Sending json value to vpnTime the value is 02:03
2022-09-06 10:17:00 Sending json value to healthsactionstatus the value is Stop
2022-09-06 10:17:00 Sending json value to healthsactionstatus the value is Run
2022-09-06 10:17:00 Sending json value to vpnTime the value is 02:05
2022-09-06 10:17:00 Sending json value to Ipdomainsshorturl the value is ip.anysrc.net
2022-09-06 10:17:01 Sending json value to kodachivpnbandwidth the value is 0.00011
2022-09-06 10:17:01 Sending json value to healthsactionstatus the value is Stop
2022-09-06 10:17:06 Sending json value to healthsactionstatus the value is Run
2022-09-06 10:17:06 Sending json value to vpnTime the value is 02:11
2022-09-06 10:17:06 Sending json value to Ipdomainsshorturl the value is ident.me
2022-09-06 10:17:09 Sending json value to healthsactionstatus the value is Stop
2022-09-06 10:17:09 Sending json value to healthsactionstatus the value is Run
2022-09-06 10:17:09 Sending json value to vpnTime the value is 02:13
2022-09-06 10:17:09 Sending json value to Ipdomainsshorturl the value is ipecho.net
2022-09-06 10:17:09 Sending json value to healthsactionstatus the value is Stop
2022-09-06 10:17:20 Sending json value to healthsactionstatus the value is Run
2022-09-06 10:17:21 Sending json value to vpnTime the value is 02:25
2022-09-06 10:17:21 Sending json value to Ipdomainsshorturl the value is myexternalip.com
2022-09-06 10:17:21 Sending json value to memoryused the value is 414M / 15979M
2022-09-06 10:17:21 Sending json value to vpnTime the value is 02:26
2022-09-06 10:17:22 Sending json value to kodachivpnbandwidth the value is 0.00012
2022-09-14 04:06:17 Sending json value to OriginalISPIPAddress the value is -
2022-09-14 04:06:18 Sending json value to OriginalISPCountry the value is -
2022-09-14 04:06:19 Sending json value to VPNIP the value is -
2022-09-14 04:06:19 Sending json value to VPNCountry the value is -
2022-09-14 04:06:20 Sending json value to SecurityStatus the value is -
2022-09-14 04:06:21 Sending json value to TORIP the value is -
2022-09-14 04:06:22 Sending json value to TORCountry the value is -
2022-09-14 04:06:22 Sending json value to memoryused the value is -
2022-09-14 04:06:23 Sending json value to openfiles the value is -
2022-09-14 04:06:23 Sending json value to boottype the value is -
2022-09-14 04:06:24 Sending json value to banstatus the value is -
2022-09-14 04:06:25 Sending json value to livemode the value is -
2022-09-14 04:06:25 Sending json value to kodachihwid the value is -
2022-09-14 04:06:26 Sending json value to printcapsstatus the value is -
2022-09-14 04:06:26 Sending json value to torblock the value is -
2022-09-14 04:06:27 Sending json value to osnukestatus the value is -
2022-09-14 04:06:28 Sending json value to hddencryptstatus the value is -
2022-09-14 04:06:28 Sending json value to swapcryptstatus the value is -
2022-09-14 04:06:28 Sending json value to totalswap the value is -
2022-09-14 04:06:29 Sending json value to securityscore the value is -
2022-09-14 04:06:29 Sending json value to securitymodel the value is -
2022-09-14 04:06:29 Sending json value to firewallstatus the value is -
2022-09-14 04:06:29 Sending json value to kodachivpnbandwidth the value is -
2022-09-14 04:06:30 Sending json value to VPNport the value is -
2022-09-14 04:06:30 Sending json value to VPNprotocol the value is -
2022-09-14 04:06:30 Sending json value to VPNprofile the value is -
2022-09-14 04:06:30 Sending json value to healthsactionstatus the value is Stop
2022-09-14 04:06:32 Sending json value to InternetStatusbydomainonly the value is Offline
2022-09-14 04:06:32 SOS Sending json value to systemhealthactionpicker the value is 1
2022-09-14 04:06:32 Sending json value to InternetStatus the value is Offline
2022-09-14 04:06:32 SOS Sending json value to systemhealthactionpicker the value is 1
2022-09-14 04:06:43 Sending json value to InternetStatus the value is Online
2022-09-14 04:06:43 SOS Sending json value to systemhealthactionpicker the value is 1
2022-09-14 04:06:45 Sending json value to InternetStatusbydomainonly the value is Online
2022-09-14 04:06:45 SOS Sending json value to systemhealthactionpicker the value is 1
2022-09-14 04:06:50 Sending json value to Ipdomainsshorturl the value is icanhazip.com
2022-09-14 04:06:51 Sending json value to OriginalISPIPAddress the value is 65.108.156.124
2022-09-14 04:06:51 Sending json value to OriginalISPCountry the value is United States
2022-09-14 04:06:51 Sending json value to SecurityStatus the value is notsecure
2022-09-14 04:06:52 Sending json value to healthsactionstatus the value is Run
2022-09-14 04:06:52 Sending json value to Ipdomainsshorturl the value is md5calc.com
2022-09-14 04:06:52 Sending json value to memoryused the value is 676M / 7927M
2022-09-14 04:06:52 Sending json value to kodachihwid the value is 5756db293b9705de4c3e43cb6b1f2927
2022-09-14 04:06:52 Sending json value to printcapsstatus the value is No
2022-09-14 04:06:52 Sending json value to hddencryptstatus the value is No
2022-09-14 04:06:53 Sending json value to firewallstatus the value is No
2022-09-14 04:06:53 Sending json value to swapcryptstatus the value is No
2022-09-14 04:06:53 Sending json value to totalswap the value is 0
2022-09-14 04:06:53 Sending json value to torblock the value is 0 countries
2022-09-14 04:06:53 Sending json value to osnukestatus the value is No
2022-09-14 04:06:53 Sending json value to netintused the value is ens33
2022-09-14 04:06:54 Sending json value to openfiles the value is 23013
2022-09-14 04:06:54 Sending json value to boottype the value is Legacy
2022-09-14 04:06:54 Sending json value to livemode the value is Yes
2022-09-14 04:06:54 Sending json value to securitymodel the value is ISP->DNScrypt
2022-09-14 04:06:55 Sending json value to securityscore the value is 35
2022-09-14 04:06:58 Sending json value to banstatus the value is Active
2022-09-14 04:06:59 Sending json value to vpnTime the value is -
2022-09-14 04:07:00 Sending json value to SecurityStatus the value is -
2022-09-14 04:07:01 Sending json value to VPNport the value is 443
2022-09-14 04:07:01 Sending json value to VPNprotocol the value is udp
2022-09-14 04:07:01 Sending json value to VPNprofile the value is kodachi-vpn.ovpn
2022-09-14 04:07:01 Sending json value to VPNprofileip the value is 208.67.106.150
2022-09-14 08:07:27 Sending json value to VPNIP the value is 65.108.156.124
2022-09-14 08:07:27 Sending json value to SecurityStatus the value is secure
2022-09-14 08:07:28 Sending json value to VPNCountry the value is United States
2022-09-14 08:07:28 Sending json value to vpnTime the value is 00:27
2022-09-14 08:07:29 Sending json value to VPNIP the value is 208.67.106.150
2022-09-14 08:07:35 Sending json value to spheretor the value is 0
2022-09-14 08:07:46 Sending json value to spheretor the value is 1
2022-09-14 08:07:49 Sending json value to TORIP the value is 91.211.91.182
2022-09-14 08:07:49 Sending json value to TORCountry the value is Ukraine
2022-09-14 08:07:49 Sending json value to kodachivpnbandwidth the value is 0.00218
2022-09-14 08:07:52 Sending json value to systemhealthactionpicker the value is 0
2022-09-14 08:07:52 Sending json value to healthsactionstatus the value is Stop
2022-09-14 08:07:52 Sending json value to healthsactionstatus the value is Run
2022-09-14 08:07:53 Sending json value to vpnTime the value is 00:52
2022-09-14 08:07:53 Sending json value to Ipdomainsshorturl the value is icanhazip.com
2022-09-14 08:07:53 Sending json value to kodachivpnbandwidth the value is 0.00225
2022-09-14 08:07:53 Sending json value to healthsactionstatus the value is Stop
2022-09-14 08:07:59 Sending json value to healthsactionstatus the value is Run
2022-09-14 08:07:59 Sending json value to vpnTime the value is 00:59
2022-09-14 08:07:59 Sending json value to Ipdomainsshorturl the value is ipinfo.io
2022-09-14 08:08:00 Sending json value to memoryused the value is 721M / 7927M
2022-09-14 08:08:00 Sending json value to netintused the value is tun0
2022-09-14 08:08:00 Sending json value to securitymodel the value is ISP->VPN->Tor->DNScrypt
2022-09-14 08:08:00 Sending json value to securityscore the value is 65
2022-09-14 08:08:01 Sending json value to kodachivpnbandwidth the value is 0.00230
2022-09-14 08:08:03 Sending json value to healthsactionstatus the value is Stop
2022-09-14 08:08:03 Sending json value to healthsactionstatus the value is Run
2022-09-14 08:08:03 Sending json value to vpnTime the value is 01:03
2022-09-14 08:08:03 Sending json value to Ipdomainsshorturl the value is ip.anysrc.net
2022-09-14 08:08:03 Sending json value to kodachivpnbandwidth the value is 0.00234
2022-09-14 08:08:04 Sending json value to healthsactionstatus the value is Stop
2022-09-14 08:08:09 Sending json value to healthsactionstatus the value is Run
2022-09-14 08:08:09 Sending json value to vpnTime the value is 01:08
2022-09-14 08:08:09 Sending json value to Ipdomainsshorturl the value is ipinfo.io
2022-09-14 08:08:09 Sending json value to memoryused the value is 722M / 7927M
2022-09-14 08:08:10 Sending json value to vpnTime the value is 01:09
2022-09-14 08:08:10 Sending json value to kodachivpnbandwidth the value is 0.00237
2022-09-14 08:08:12 Sending json value to healthsactionstatus the value is Stop
2022-09-14 08:08:12 Sending json value to healthsactionstatus the value is Run
2022-09-14 08:08:12 Sending json value to vpnTime the value is 01:11
2022-09-14 08:08:12 Sending json value to Ipdomainsshorturl the value is ifconfig.me
2022-09-14 08:08:12 Sending json value to kodachivpnbandwidth the value is 0.00239
2022-09-14 08:08:12 Sending json value to healthsactionstatus the value is Stop
2022-09-14 08:08:25 Sending json value to healthsactionstatus the value is Run
2022-09-14 08:08:25 Sending json value to vpnTime the value is 01:24
2022-09-14 08:08:25 Sending json value to Ipdomainsshorturl the value is icanhazip.com
2022-09-14 08:08:25 Sending json value to memoryused the value is 724M / 7927M
2022-09-14 08:08:25 Sending json value to vpnTime the value is 01:25
2022-09-14 08:08:26 Sending json value to kodachivpnbandwidth the value is 0.00248
2022-09-14 08:08:27 Sending json value to healthsactionstatus the value is Stop
2022-09-14 08:08:27 Sending json value to healthsactionstatus the value is Run
2022-09-14 08:08:27 Sending json value to vpnTime the value is 01:27
2022-09-14 08:08:28 Sending json value to healthsactionstatus the value is Stop
2022-09-14 08:08:31 Sending json value to healthsactionstatus the value is Run
2022-09-14 08:08:31 Sending json value to vpnTime the value is 01:30
2022-09-14 08:08:31 Sending json value to Ipdomainsshorturl the value is api.ipify.org
2022-09-14 08:08:31 Sending json value to memoryused the value is 725M / 7927M
2022-09-14 08:08:32 Sending json value to vpnTime the value is 01:31
2022-09-14 08:08:32 Sending json value to kodachivpnbandwidth the value is 0.00252
2022-09-14 08:08:34 Sending json value to healthsactionstatus the value is Stop
2022-09-14 08:08:34 Sending json value to healthsactionstatus the value is Run
2022-09-14 08:08:34 Sending json value to vpnTime the value is 01:34
2022-09-14 08:08:35 Sending json value to Ipdomainsshorturl the value is md5calc.com
2022-09-14 08:08:35 Sending json value to kodachivpnbandwidth the value is 0.00255
2022-09-14 08:08:35 Sending json value to healthsactionstatus the value is Stop
2022-09-14 08:08:44 Sending json value to healthsactionstatus the value is Run
2022-09-14 08:08:44 Sending json value to vpnTime the value is 01:44
2022-09-14 08:08:44 Sending json value to memoryused the value is 724M / 7927M
2022-09-14 08:08:48 Sending json value to healthsactionstatus the value is Stop
2022-09-14 08:08:48 Sending json value to healthsactionstatus the value is Run
2022-09-14 08:08:48 Sending json value to vpnTime the value is 01:47
2022-09-14 08:08:48 Sending json value to Ipdomainsshorturl the value is ident.me
2022-09-14 08:08:48 Sending json value to kodachivpnbandwidth the value is 0.00258
2022-09-14 08:08:49 Sending json value to healthsactionstatus the value is Stop
2022-09-14 08:08:58 Sending json value to healthsactionstatus the value is Run
2022-09-14 08:08:58 Sending json value to vpnTime the value is 01:57
2022-09-14 08:08:58 Sending json value to Ipdomainsshorturl the value is ipecho.net
2022-09-14 08:08:58 Sending json value to memoryused the value is 730M / 7927M
2022-09-14 08:08:58 Sending json value to vpnTime the value is 01:58
2022-09-14 08:09:07 Sending json value to healthsactionstatus the value is Stop
2022-09-14 08:09:07 Sending json value to healthsactionstatus the value is Run
2022-09-14 08:09:07 Sending json value to vpnTime the value is 02:07
2022-09-14 08:09:07 Sending json value to Ipdomainsshorturl the value is ipinfo.io
2022-09-14 08:09:08 Sending json value to kodachivpnbandwidth the value is 0.00259
2022-09-14 08:09:08 Sending json value to healthsactionstatus the value is Stop
2022-09-14 08:09:22 Sending json value to healthsactionstatus the value is Run
2022-09-14 08:09:22 Sending json value to vpnTime the value is 02:21
2022-09-14 08:09:22 Sending json value to Ipdomainsshorturl the value is myexternalip.com
2022-09-14 08:09:22 Sending json value to memoryused the value is 724M / 7927M
2022-09-14 08:09:23 Sending json value to vpnTime the value is 02:22
2022-09-14 08:09:23 Sending json value to kodachivpnbandwidth the value is 0.00260
2022-09-14 08:09:26 Sending json value to healthsactionstatus the value is Stop
2022-09-14 08:09:26 Sending json value to healthsactionstatus the value is Run
2022-09-14 08:09:26 Sending json value to vpnTime the value is 02:26
2022-09-14 08:09:27 Sending json value to Ipdomainsshorturl the value is icanhazip.com
2022-09-14 08:09:27 Sending json value to healthsactionstatus the value is Stop
2022-09-14 08:09:30 Sending json value to healthsactionstatus the value is Run
2022-09-14 08:09:30 Sending json value to vpnTime the value is 02:29
2022-09-14 08:09:30 Sending json value to Ipdomainsshorturl the value is curlmyip.net
2022-09-14 08:09:30 Sending json value to memoryused the value is 751M / 7927M
2022-09-14 08:09:31 Sending json value to vpnTime the value is 02:31
2022-09-14 08:09:35 Sending json value to healthsactionstatus the value is Stop
2022-09-14 08:09:35 Sending json value to healthsactionstatus the value is Run
2022-09-14 08:09:35 Sending json value to vpnTime the value is 02:35
2022-09-14 08:09:35 Sending json value to Ipdomainsshorturl the value is myexternalip.com
2022-09-14 08:09:36 Sending json value to kodachivpnbandwidth the value is 0.00262
2022-09-14 08:09:36 Sending json value to healthsactionstatus the value is Stop
2022-09-14 08:09:41 Sending json value to healthsactionstatus the value is Run
2022-09-14 08:09:41 Sending json value to vpnTime the value is 02:40
2022-09-14 08:09:41 Sending json value to memoryused the value is 783M / 7927M
2022-09-14 08:09:42 Sending json value to vpnTime the value is 02:41
2022-09-14 08:09:44 Sending json value to healthsactionstatus the value is Stop
2022-09-14 08:09:44 Sending json value to healthsactionstatus the value is Run
2022-09-14 08:09:44 Sending json value to vpnTime the value is 02:44
2022-09-14 08:09:44 Sending json value to Ipdomainsshorturl the value is ident.me
2022-09-14 08:09:45 Sending json value to kodachivpnbandwidth the value is 0.00263
2022-09-14 08:09:45 Sending json value to healthsactionstatus the value is Stop
2022-09-14 08:09:57 Sending json value to healthsactionstatus the value is Run
2022-09-14 08:09:57 Sending json value to vpnTime the value is 02:56
2022-09-14 08:09:57 Sending json value to Ipdomainsshorturl the value is myexternalip.com
2022-09-14 08:09:57 Sending json value to memoryused the value is 765M / 7927M
2022-09-14 08:09:58 Sending json value to vpnTime the value is 02:57
2022-09-14 08:10:00 Sending json value to healthsactionstatus the value is Stop
2022-09-14 08:10:00 Sending json value to healthsactionstatus the value is Run
2022-09-14 08:10:00 Sending json value to vpnTime the value is 02:59
2022-09-14 08:10:00 Sending json value to Ipdomainsshorturl the value is curlmyip.net
2022-09-14 08:10:00 Sending json value to kodachivpnbandwidth the value is 0.00264
2022-09-14 08:10:00 Sending json value to healthsactionstatus the value is Stop
2022-09-14 08:10:16 Sending json value to healthsactionstatus the value is Run
2022-09-14 08:10:16 Sending json value to vpnTime the value is 03:15
