QStandardPaths: XDG_RUNTIME_DIR not set, defaulting to '/tmp/runtime-root'
QStandardPaths: XDG_RUNTIME_DIR not set, defaulting to '/tmp/runtime-root'
QStandardPaths: XDG_RUNTIME_DIR not set, defaulting to '/tmp/runtime-root'
QStandardPaths: XDG_RUNTIME_DIR not set, defaulting to '/tmp/runtime-root'
QStandardPaths: XDG_RUNTIME_DIR not set, defaulting to '/tmp/runtime-root'
QStandardPaths: XDG_RUNTIME_DIR not set, defaulting to '/tmp/runtime-root'
QStandardPaths: XDG_RUNTIME_DIR not set, defaulting to '/tmp/runtime-root'
The X11 connection broke (error 1). Did the X11 server die?
QStandardPaths: XDG_RUNTIME_DIR not set, defaulting to '/tmp/runtime-root'
QStandardPaths: XDG_RUNTIME_DIR not set, defaulting to '/tmp/runtime-root'
QStandardPaths: XDG_RUNTIME_DIR not set, defaulting to '/tmp/runtime-root'
QStandardPaths: XDG_RUNTIME_DIR not set, defaulting to '/tmp/runtime-root'
QStandardPaths: XDG_RUNTIME_DIR not set, defaulting to '/tmp/runtime-root'
QStandardPaths: XDG_RUNTIME_DIR not set, defaulting to '/tmp/runtime-root'
QStandardPaths: XDG_RUNTIME_DIR not set, defaulting to '/tmp/runtime-root'
QStandardPaths: XDG_RUNTIME_DIR not set, defaulting to '/tmp/runtime-root'
QStandardPaths: XDG_RUNTIME_DIR not set, defaulting to '/tmp/runtime-root'
The X11 connection broke (error 1). Did the X11 server die?
QStandardPaths: XDG_RUNTIME_DIR not set, defaulting to '/tmp/runtime-root'
QStandardPaths: XDG_RUNTIME_DIR not set, defaulting to '/tmp/runtime-root'
QStandardPaths: XDG_RUNTIME_DIR not set, defaulting to '/tmp/runtime-root'
QStandardPaths: XDG_RUNTIME_DIR not set, defaulting to '/tmp/runtime-root'
QStandardPaths: XDG_RUNTIME_DIR not set, defaulting to '/tmp/runtime-root'
edit: editing failed
The X11 connection broke (error 1). Did the X11 server die?
Failed to connect to session manager: Failed to connect to the session manager: SESSION_MANAGER environment variable not defined

(xfce4-terminal:15783): IBUS-WARNING **: 00:41:53.075: The owner of /home/kodachi/.config/ibus/bus is not root!
Failed to connect to session manager: Failed to connect to the session manager: SESSION_MANAGER environment variable not defined

(xfce4-terminal:20522): IBUS-WARNING **: 00:42:46.103: The owner of /home/kodachi/.config/ibus/bus is not root!
Failed to connect to session manager: Failed to connect to the session manager: SESSION_MANAGER environment variable not defined

(xfce4-terminal:24722): IBUS-WARNING **: 00:43:33.535: The owner of /home/kodachi/.config/ibus/bus is not root!
Failed to connect to session manager: Failed to connect to the session manager: SESSION_MANAGER environment variable not defined

(xfce4-terminal:28701): IBUS-WARNING **: 00:44:18.375: The owner of /home/kodachi/.config/ibus/bus is not root!
QStandardPaths: XDG_RUNTIME_DIR not set, defaulting to '/tmp/runtime-root'
The X11 connection broke (error 1). Did the X11 server die?
QStandardPaths: XDG_RUNTIME_DIR not set, defaulting to '/tmp/runtime-root'
The X11 connection broke (error 1). Did the X11 server die?
QStandardPaths: XDG_RUNTIME_DIR not set, defaulting to '/tmp/runtime-root'
The X11 connection broke (error 1). Did the X11 server die?
QStandardPaths: XDG_RUNTIME_DIR not set, defaulting to '/tmp/runtime-root'
The X11 connection broke (error 1). Did the X11 server die?
QStandardPaths: XDG_RUNTIME_DIR not set, defaulting to '/tmp/runtime-root'
The X11 connection broke (error 1). Did the X11 server die?
QStandardPaths: XDG_RUNTIME_DIR not set, defaulting to '/tmp/runtime-root'
The X11 connection broke (error 1). Did the X11 server die?
